2021-07-15 02:29:31,484 - __main__ - INFO - Got the following arguments: ['our_newtest.py', '0.065', '1', '0.6', '8', '../CMineMR-Mapreduce-algorithm-to-extract-coverage-patterns-master/dataset/bmspos.txt', 'varying_minrf_synthetic_0.065_ultrmaxpro']
2021-07-15 02:29:36,908 - __main__ - INFO - started mining
2021-07-15 02:29:36,908 - __main__ - INFO - reading transactional data
2021-07-15 02:29:37,029 - __main__ - INFO - First level mining
2021-07-15 02:29:39,687 - __main__ - INFO - Got first level patterns : 20  writing to file
2021-07-15 02:29:39,688 - __main__ - INFO - Generating second level candidateset
2021-07-15 02:29:39,903 - __main__ - INFO - saving 2 level patterns
2021-07-15 02:29:39,903 - __main__ - INFO - found 153 patterns
2021-07-15 02:29:39,903 - __main__ - INFO - computing patterns for level : 3
2021-07-15 02:29:40,423 - __main__ - INFO - saving 3 level patterns
2021-07-15 02:29:40,423 - __main__ - INFO - found 790 patterns
2021-07-15 02:29:40,423 - __main__ - INFO - computing patterns for level : 4
2021-07-15 02:29:41,407 - __main__ - INFO - saving 4 level patterns
2021-07-15 02:29:41,407 - __main__ - INFO - found 2433 patterns
2021-07-15 02:29:41,407 - __main__ - INFO - computing patterns for level : 5
2021-07-15 02:29:43,339 - __main__ - INFO - saving 5 level patterns
2021-07-15 02:29:43,340 - __main__ - INFO - found 3378 patterns
2021-07-15 02:29:43,340 - __main__ - INFO - computing patterns for level : 6
2021-07-15 02:29:45,348 - __main__ - INFO - saving 6 level patterns
2021-07-15 02:29:45,349 - __main__ - INFO - found 1817 patterns
2021-07-15 02:29:45,349 - __main__ - INFO - computing patterns for level : 7
2021-07-15 02:29:46,655 - __main__ - INFO - saving 7 level patterns
2021-07-15 02:29:46,655 - __main__ - INFO - found 393 patterns
2021-07-15 02:29:46,655 - __main__ - INFO - computing patterns for level : 8
2021-07-15 02:29:47,080 - __main__ - INFO - saving 8 level patterns
2021-07-15 02:29:47,080 - __main__ - INFO - found 1 patterns
2021-07-15 02:29:47,080 - __main__ - INFO - computing patterns for level : 9
2021-07-15 02:29:47,205 - __main__ - INFO - saving 9 level patterns
2021-07-15 02:29:47,205 - __main__ - INFO - found 0 patterns
2021-07-15 02:29:47,206 - __main__ - INFO - computing patterns for level : 10
2021-07-15 02:29:47,326 - __main__ - INFO - saving 10 level patterns
2021-07-15 02:29:47,372 - __main__ - INFO - total time taken: 10.463928461074829
