2021-07-14 02:00:32,344 - __main__ - INFO - Got the following arguments: ['our_pyspark.py', '0.065', '1', '0.6', '8', '../CMineMR-Mapreduce-algorithm-to-extract-coverage-patterns-master/dataset/bmspos.txt', 'varying_maxor_synthetic_1_newalgo']
2021-07-14 02:00:39,363 - __main__ - INFO - started mining
2021-07-14 02:00:39,363 - __main__ - INFO - reading transactional data
2021-07-14 02:00:39,463 - __main__ - INFO - First level mining
2021-07-14 02:00:41,792 - __main__ - INFO - Got first level patterns : 20  writing to file
2021-07-14 02:00:41,793 - __main__ - INFO - Generating second level candidateset
2021-07-14 02:00:42,004 - __main__ - INFO - saving 2 level patterns
2021-07-14 02:00:42,005 - __main__ - INFO - found 153 patterns
2021-07-14 02:00:42,007 - __main__ - INFO - computing patterns for level : 3
2021-07-14 02:00:42,384 - __main__ - INFO - saving 3 level patterns
2021-07-14 02:00:42,384 - __main__ - INFO - found 790 patterns
2021-07-14 02:00:42,388 - __main__ - INFO - computing patterns for level : 4
2021-07-14 02:00:43,114 - __main__ - INFO - saving 4 level patterns
2021-07-14 02:00:43,114 - __main__ - INFO - found 2433 patterns
2021-07-14 02:00:43,122 - __main__ - INFO - computing patterns for level : 5
2021-07-14 02:00:44,469 - __main__ - INFO - saving 5 level patterns
2021-07-14 02:00:44,470 - __main__ - INFO - found 3378 patterns
2021-07-14 02:00:44,480 - __main__ - INFO - computing patterns for level : 6
2021-07-14 02:00:46,212 - __main__ - INFO - saving 6 level patterns
2021-07-14 02:00:46,213 - __main__ - INFO - found 1817 patterns
2021-07-14 02:00:46,220 - __main__ - INFO - computing patterns for level : 7
2021-07-14 02:00:47,269 - __main__ - INFO - saving 7 level patterns
2021-07-14 02:00:47,270 - __main__ - INFO - found 393 patterns
2021-07-14 02:00:47,272 - __main__ - INFO - computing patterns for level : 8
2021-07-14 02:00:47,573 - __main__ - INFO - saving 8 level patterns
2021-07-14 02:00:47,574 - __main__ - INFO - found 1 patterns
2021-07-14 02:00:47,574 - __main__ - INFO - computing patterns for level : 9
2021-07-14 02:00:47,621 - __main__ - INFO - saving 9 level patterns
2021-07-14 02:00:47,671 - __main__ - INFO - total time taken: 8.30797028541565
2021-07-15 01:43:14,864 - __main__ - INFO - Got the following arguments: ['our_pyspark.py', '0.05', '1', '0.4', '8', '../CMineMR-Mapreduce-algorithm-to-extract-coverage-patterns-master/dataset/mushroom.txt', 'varying_maxor_synthetic_1_newalgo']
2021-07-15 01:43:25,572 - __main__ - INFO - started mining
2021-07-15 01:43:25,573 - __main__ - INFO - reading transactional data
2021-07-15 01:43:25,610 - __main__ - INFO - First level mining
2021-07-15 01:43:27,585 - __main__ - INFO - Got first level patterns : 73  writing to file
2021-07-15 01:43:27,586 - __main__ - INFO - Generating second level candidateset
2021-07-15 01:43:27,846 - __main__ - INFO - saving 2 level patterns
2021-07-15 01:43:27,847 - __main__ - INFO - found 1348 patterns
2021-07-15 01:43:27,851 - __main__ - INFO - computing patterns for level : 3
2021-07-15 01:43:28,245 - __main__ - INFO - saving 3 level patterns
2021-07-15 01:43:28,245 - __main__ - INFO - found 10319 patterns
2021-07-15 01:43:28,272 - __main__ - INFO - computing patterns for level : 4
2021-07-15 01:43:30,122 - __main__ - INFO - saving 4 level patterns
2021-07-15 01:43:30,123 - __main__ - INFO - found 40623 patterns
2021-07-15 01:43:30,235 - __main__ - INFO - computing patterns for level : 5
2021-07-15 01:44:50,916 - __main__ - INFO - Got the following arguments: ['our_pyspark.py', '0.05', '1', '0.4', '8', '../CMineMR-Mapreduce-algorithm-to-extract-coverage-patterns-master/dataset/mushroom.txt', 'varying_maxor_synthetic_1_newalgo']
2021-07-15 01:44:54,022 - __main__ - INFO - started mining
2021-07-15 01:44:54,022 - __main__ - INFO - reading transactional data
2021-07-15 01:44:54,040 - __main__ - INFO - First level mining
2021-07-15 01:44:56,025 - __main__ - INFO - Got first level patterns : 73  writing to file
2021-07-15 01:44:56,026 - __main__ - INFO - Generating second level candidateset
2021-07-15 01:44:56,286 - __main__ - INFO - saving 2 level patterns
2021-07-15 01:44:56,286 - __main__ - INFO - found 1348 patterns
2021-07-15 01:44:56,291 - __main__ - INFO - computing patterns for level : 3
2021-07-15 01:44:56,615 - __main__ - INFO - saving 3 level patterns
2021-07-15 01:44:56,616 - __main__ - INFO - found 10319 patterns
2021-07-15 01:44:56,643 - __main__ - INFO - computing patterns for level : 4
2021-07-15 01:44:58,220 - __main__ - INFO - saving 4 level patterns
2021-07-15 01:44:58,222 - __main__ - INFO - found 40623 patterns
2021-07-15 01:44:58,334 - __main__ - INFO - computing patterns for level : 5
2021-07-15 01:45:34,035 - __main__ - INFO - Got the following arguments: ['our_pyspark.py', '0.05', '1', '0.4', '8', '../CMineMR-Mapreduce-algorithm-to-extract-coverage-patterns-master/dataset/mushroom.txt', 'varying_maxor_synthetic_1_newalgo']
2021-07-15 01:45:36,988 - __main__ - INFO - started mining
2021-07-15 01:45:36,989 - __main__ - INFO - reading transactional data
2021-07-15 01:45:37,005 - __main__ - INFO - First level mining
2021-07-15 01:45:38,977 - __main__ - INFO - Got first level patterns : 73  writing to file
2021-07-15 01:45:38,979 - __main__ - INFO - Generating second level candidateset
2021-07-15 01:45:39,259 - __main__ - INFO - saving 2 level patterns
2021-07-15 01:45:39,259 - __main__ - INFO - found 1348 patterns
2021-07-15 01:45:39,264 - __main__ - INFO - computing patterns for level : 3
2021-07-15 01:45:39,578 - __main__ - INFO - saving 3 level patterns
2021-07-15 01:45:39,579 - __main__ - INFO - found 10319 patterns
2021-07-15 01:45:39,606 - __main__ - INFO - computing patterns for level : 4
2021-07-15 01:45:41,199 - __main__ - INFO - saving 4 level patterns
2021-07-15 01:45:41,201 - __main__ - INFO - found 40623 patterns
2021-07-15 01:45:41,313 - __main__ - INFO - computing patterns for level : 5
2021-07-15 01:46:19,173 - __main__ - INFO - saving 5 level patterns
2021-07-15 01:46:19,179 - __main__ - INFO - found 93990 patterns
2021-07-15 01:46:19,455 - __main__ - INFO - computing patterns for level : 6
2021-07-15 01:49:38,689 - __main__ - INFO - saving 6 level patterns
2021-07-15 01:49:38,702 - __main__ - INFO - found 138772 patterns
2021-07-15 01:49:39,158 - __main__ - INFO - computing patterns for level : 7
2021-07-15 02:00:27,196 - __main__ - INFO - saving 7 level patterns
2021-07-15 02:00:27,213 - __main__ - INFO - found 137195 patterns
2021-07-15 02:00:27,668 - __main__ - INFO - computing patterns for level : 8
2021-07-15 02:07:44,438 - __main__ - INFO - saving 8 level patterns
2021-07-15 02:07:44,452 - __main__ - INFO - found 92623 patterns
2021-07-15 02:07:44,779 - __main__ - INFO - computing patterns for level : 9
2021-07-15 02:07:47,585 - __main__ - INFO - Got the following arguments: ['our_pyspark.py', '0.05', '1', '0.4', '8', '../CMineMR-Mapreduce-algorithm-to-extract-coverage-patterns-master/dataset/mushroom.txt', 'varying_maxor_synthetic_1_newalgo']
2021-07-15 02:07:50,642 - __main__ - INFO - started mining
2021-07-15 02:07:50,643 - __main__ - INFO - reading transactional data
2021-07-15 02:07:50,661 - __main__ - INFO - First level mining
2021-07-15 02:07:52,757 - __main__ - INFO - Got first level patterns : 73  writing to file
2021-07-15 02:07:52,759 - __main__ - INFO - Generating second level candidateset
2021-07-15 02:07:53,050 - __main__ - INFO - saving 2 level patterns
2021-07-15 02:07:53,050 - __main__ - INFO - found 1348 patterns
2021-07-15 02:07:53,055 - __main__ - INFO - computing patterns for level : 3
2021-07-15 02:07:53,353 - __main__ - INFO - saving 3 level patterns
2021-07-15 02:07:53,353 - __main__ - INFO - found 10319 patterns
2021-07-15 02:07:53,380 - __main__ - INFO - computing patterns for level : 4
2021-07-15 02:07:54,958 - __main__ - INFO - saving 4 level patterns
2021-07-15 02:07:54,961 - __main__ - INFO - found 40623 patterns
2021-07-15 02:08:24,888 - __main__ - INFO - Got the following arguments: ['our_newtest.py', '0.05', '1', '0.4', '8', '../CMineMR-Mapreduce-algorithm-to-extract-coverage-patterns-master/dataset/mushroom.txt', 'varying_maxor_synthetic_1_newalgo']
2021-07-15 02:08:27,910 - __main__ - INFO - started mining
2021-07-15 02:08:27,911 - __main__ - INFO - reading transactional data
2021-07-15 02:08:27,929 - __main__ - INFO - First level mining
2021-07-15 02:08:29,990 - __main__ - INFO - Got first level patterns : 73  writing to file
2021-07-15 02:08:29,992 - __main__ - INFO - Generating second level candidateset
2021-07-15 02:08:30,256 - __main__ - INFO - saving 2 level patterns
2021-07-15 02:08:30,256 - __main__ - INFO - computing patterns for level : 3
2021-07-15 02:08:30,538 - __main__ - INFO - saving 3 level patterns
2021-07-15 02:08:30,538 - __main__ - INFO - computing patterns for level : 4
2021-07-15 02:08:30,940 - __main__ - INFO - saving 4 level patterns
2021-07-15 02:08:30,940 - __main__ - INFO - computing patterns for level : 5
2021-07-15 02:08:31,737 - __main__ - INFO - saving 5 level patterns
2021-07-15 02:08:31,738 - __main__ - INFO - computing patterns for level : 6
2021-07-15 02:08:42,626 - __main__ - INFO - Got the following arguments: ['our_newtest.py', '0.05', '1', '0.4', '8', '../CMineMR-Mapreduce-algorithm-to-extract-coverage-patterns-master/dataset/mushroom.txt', 'varying_maxor_synthetic_1_newalgo']
2021-07-15 02:08:45,625 - __main__ - INFO - started mining
2021-07-15 02:08:45,626 - __main__ - INFO - reading transactional data
2021-07-15 02:08:45,644 - __main__ - INFO - First level mining
2021-07-15 02:08:47,704 - __main__ - INFO - Got first level patterns : 73  writing to file
2021-07-15 02:08:47,706 - __main__ - INFO - Generating second level candidateset
2021-07-15 02:08:47,979 - __main__ - INFO - saving 2 level patterns
2021-07-15 02:08:47,979 - __main__ - INFO - computing patterns for level : 3
2021-07-15 02:08:48,255 - __main__ - INFO - saving 3 level patterns
2021-07-15 02:08:48,256 - __main__ - INFO - computing patterns for level : 4
2021-07-15 02:08:48,652 - __main__ - INFO - saving 4 level patterns
2021-07-15 02:08:48,652 - __main__ - INFO - computing patterns for level : 5
2021-07-15 02:08:49,399 - __main__ - INFO - saving 5 level patterns
2021-07-15 02:08:49,400 - __main__ - INFO - computing patterns for level : 6
2021-07-15 02:08:50,928 - __main__ - INFO - saving 6 level patterns
2021-07-15 02:08:50,928 - __main__ - INFO - computing patterns for level : 7
2021-07-15 02:08:53,047 - __main__ - INFO - saving 7 level patterns
2021-07-15 02:08:53,048 - __main__ - INFO - computing patterns for level : 8
2021-07-15 02:08:55,177 - __main__ - INFO - saving 8 level patterns
2021-07-15 02:08:55,178 - __main__ - INFO - computing patterns for level : 9
2021-07-15 02:08:56,911 - __main__ - INFO - saving 9 level patterns
2021-07-15 02:08:56,911 - __main__ - INFO - computing patterns for level : 10
2021-07-15 02:08:57,713 - __main__ - INFO - saving 10 level patterns
2021-07-15 02:08:57,713 - __main__ - INFO - computing patterns for level : 11
2021-07-15 02:08:58,087 - __main__ - INFO - saving 11 level patterns
2021-07-15 02:08:58,087 - __main__ - INFO - computing patterns for level : 12
2021-07-15 02:08:58,222 - __main__ - INFO - saving 12 level patterns
2021-07-15 02:08:58,222 - __main__ - INFO - computing patterns for level : 13
2021-07-15 02:08:58,332 - __main__ - INFO - saving 13 level patterns
2021-07-15 02:08:58,333 - __main__ - INFO - computing patterns for level : 14
2021-07-15 02:08:58,448 - __main__ - INFO - saving 14 level patterns
2021-07-15 02:08:58,455 - __main__ - INFO - total time taken: 12.829648733139038
2021-07-15 02:10:14,016 - __main__ - INFO - Got the following arguments: ['our_newtest.py', '0.05', '1', '0.4', '8', '../CMineMR-Mapreduce-algorithm-to-extract-coverage-patterns-master/dataset/mushroom.txt', 'varying_maxor_synthetic_1_newalgo']
2021-07-15 02:10:17,052 - __main__ - INFO - started mining
2021-07-15 02:10:17,053 - __main__ - INFO - reading transactional data
2021-07-15 02:10:17,072 - __main__ - INFO - First level mining
2021-07-15 02:10:19,134 - __main__ - INFO - Got first level patterns : 73  writing to file
2021-07-15 02:10:19,136 - __main__ - INFO - Generating second level candidateset
2021-07-15 02:10:19,416 - __main__ - INFO - saving 2 level patterns
2021-07-15 02:10:55,370 - __main__ - INFO - Got the following arguments: ['our_newtest.py', '0.05', '1', '0.4', '8', '../CMineMR-Mapreduce-algorithm-to-extract-coverage-patterns-master/dataset/mushroom.txt', 'varying_maxor_synthetic_1_newalgo']
2021-07-15 02:10:58,346 - __main__ - INFO - started mining
2021-07-15 02:10:58,346 - __main__ - INFO - reading transactional data
2021-07-15 02:10:58,364 - __main__ - INFO - First level mining
2021-07-15 02:11:00,574 - __main__ - INFO - Got first level patterns : 73  writing to file
2021-07-15 02:11:00,576 - __main__ - INFO - Generating second level candidateset
2021-07-15 02:11:00,852 - __main__ - INFO - saving 2 level patterns
2021-07-15 02:11:00,852 - __main__ - INFO - found 1348 patterns
2021-07-15 02:11:00,852 - __main__ - INFO - computing patterns for level : 3
2021-07-15 02:11:01,134 - __main__ - INFO - saving 3 level patterns
2021-07-15 02:11:01,135 - __main__ - INFO - found 10319 patterns
2021-07-15 02:11:01,135 - __main__ - INFO - computing patterns for level : 4
2021-07-15 02:11:01,507 - __main__ - INFO - saving 4 level patterns
2021-07-15 02:11:01,510 - __main__ - INFO - found 40623 patterns
2021-07-15 02:11:01,510 - __main__ - INFO - computing patterns for level : 5
2021-07-15 02:11:02,248 - __main__ - INFO - saving 5 level patterns
2021-07-15 02:11:02,253 - __main__ - INFO - found 93990 patterns
2021-07-15 02:11:02,253 - __main__ - INFO - computing patterns for level : 6
2021-07-15 02:11:03,807 - __main__ - INFO - saving 6 level patterns
2021-07-15 02:11:03,819 - __main__ - INFO - found 138772 patterns
2021-07-15 02:11:03,820 - __main__ - INFO - computing patterns for level : 7
2021-07-15 02:11:06,009 - __main__ - INFO - saving 7 level patterns
2021-07-15 02:11:06,026 - __main__ - INFO - found 137195 patterns
2021-07-15 02:11:06,027 - __main__ - INFO - computing patterns for level : 8
2021-07-15 02:11:08,092 - __main__ - INFO - saving 8 level patterns
2021-07-15 02:11:08,107 - __main__ - INFO - found 92623 patterns
2021-07-15 02:11:08,107 - __main__ - INFO - computing patterns for level : 9
2021-07-15 02:11:09,731 - __main__ - INFO - saving 9 level patterns
2021-07-15 02:11:09,740 - __main__ - INFO - found 42511 patterns
2021-07-15 02:11:09,740 - __main__ - INFO - computing patterns for level : 10
2021-07-15 02:11:10,520 - __main__ - INFO - saving 10 level patterns
2021-07-15 02:11:10,524 - __main__ - INFO - found 12880 patterns
2021-07-15 02:11:10,524 - __main__ - INFO - computing patterns for level : 11
2021-07-15 02:11:10,869 - __main__ - INFO - saving 11 level patterns
2021-07-15 02:11:10,870 - __main__ - INFO - found 2346 patterns
2021-07-15 02:11:10,870 - __main__ - INFO - computing patterns for level : 12
2021-07-15 02:11:11,021 - __main__ - INFO - saving 12 level patterns
2021-07-15 02:11:11,021 - __main__ - INFO - found 192 patterns
2021-07-15 02:11:11,021 - __main__ - INFO - computing patterns for level : 13
2021-07-15 02:11:11,132 - __main__ - INFO - saving 13 level patterns
2021-07-15 02:11:11,132 - __main__ - INFO - found 0 patterns
2021-07-15 02:11:11,133 - __main__ - INFO - computing patterns for level : 14
2021-07-15 02:11:11,247 - __main__ - INFO - saving 14 level patterns
2021-07-15 02:11:11,257 - __main__ - INFO - total time taken: 12.911010980606079
2021-07-15 02:12:13,035 - __main__ - INFO - saving 9 level patterns
2021-07-15 02:12:13,042 - __main__ - INFO - found 42511 patterns
2021-07-15 02:12:13,198 - __main__ - INFO - computing patterns for level : 10
2021-07-15 02:12:17,667 - __main__ - INFO - Got the following arguments: ['our_newtest.py', '0.05', '1', '0.45', '8', '../CMineMR-Mapreduce-algorithm-to-extract-coverage-patterns-master/dataset/mushroom.txt', 'varying_maxor_synthetic_1_newalgo']
2021-07-15 02:12:20,642 - __main__ - INFO - started mining
2021-07-15 02:12:20,642 - __main__ - INFO - reading transactional data
2021-07-15 02:12:20,660 - __main__ - INFO - First level mining
2021-07-15 02:12:22,739 - __main__ - INFO - Got first level patterns : 73  writing to file
2021-07-15 02:12:22,741 - __main__ - INFO - Generating second level candidateset
2021-07-15 02:12:23,021 - __main__ - INFO - saving 2 level patterns
2021-07-15 02:12:23,021 - __main__ - INFO - found 1448 patterns
2021-07-15 02:12:23,021 - __main__ - INFO - computing patterns for level : 3
2021-07-15 02:12:23,325 - __main__ - INFO - saving 3 level patterns
2021-07-15 02:12:23,326 - __main__ - INFO - found 12054 patterns
2021-07-15 02:12:23,326 - __main__ - INFO - computing patterns for level : 4
2021-07-15 02:12:23,788 - __main__ - INFO - saving 4 level patterns
2021-07-15 02:12:23,790 - __main__ - INFO - found 51314 patterns
2021-07-15 02:12:23,790 - __main__ - INFO - computing patterns for level : 5
2021-07-15 02:12:24,833 - __main__ - INFO - saving 5 level patterns
2021-07-15 02:12:24,838 - __main__ - INFO - found 127666 patterns
2021-07-15 02:12:24,838 - __main__ - INFO - computing patterns for level : 6
2021-07-15 02:12:26,844 - __main__ - INFO - saving 6 level patterns
2021-07-15 02:12:26,862 - __main__ - INFO - found 200771 patterns
2021-07-15 02:12:26,862 - __main__ - INFO - computing patterns for level : 7
2021-07-15 02:12:29,672 - __main__ - INFO - saving 7 level patterns
2021-07-15 02:12:29,695 - __main__ - INFO - found 207949 patterns
2021-07-15 02:12:29,695 - __main__ - INFO - computing patterns for level : 8
2021-07-15 02:12:32,885 - __main__ - INFO - saving 8 level patterns
2021-07-15 02:12:32,909 - __main__ - INFO - found 145382 patterns
2021-07-15 02:12:32,909 - __main__ - INFO - computing patterns for level : 9
2021-07-15 02:12:35,641 - __main__ - INFO - saving 9 level patterns
2021-07-15 02:12:35,655 - __main__ - INFO - found 69034 patterns
2021-07-15 02:12:35,655 - __main__ - INFO - computing patterns for level : 10
2021-07-15 02:12:37,129 - __main__ - INFO - saving 10 level patterns
2021-07-15 02:12:37,135 - __main__ - INFO - found 21797 patterns
2021-07-15 02:12:37,135 - __main__ - INFO - computing patterns for level : 11
2021-07-15 02:12:37,660 - __main__ - INFO - saving 11 level patterns
2021-07-15 02:12:37,662 - __main__ - INFO - found 4205 patterns
2021-07-15 02:12:37,662 - __main__ - INFO - computing patterns for level : 12
2021-07-15 02:12:37,843 - __main__ - INFO - saving 12 level patterns
2021-07-15 02:12:37,844 - __main__ - INFO - found 372 patterns
2021-07-15 02:12:37,844 - __main__ - INFO - computing patterns for level : 13
2021-07-15 02:12:37,930 - __main__ - INFO - saving 13 level patterns
2021-07-15 02:12:37,930 - __main__ - INFO - found 0 patterns
2021-07-15 02:12:37,930 - __main__ - INFO - computing patterns for level : 14
2021-07-15 02:12:38,039 - __main__ - INFO - saving 14 level patterns
2021-07-15 02:12:38,049 - __main__ - INFO - total time taken: 17.40699577331543
2021-07-15 02:12:53,528 - __main__ - INFO - saving 10 level patterns
2021-07-15 02:12:53,531 - __main__ - INFO - found 12880 patterns
2021-07-15 02:12:53,581 - __main__ - INFO - computing patterns for level : 11
2021-07-15 02:12:56,718 - __main__ - INFO - saving 11 level patterns
2021-07-15 02:12:56,718 - __main__ - INFO - found 2346 patterns
2021-07-15 02:12:56,729 - __main__ - INFO - computing patterns for level : 12
2021-07-15 02:12:56,926 - __main__ - INFO - saving 12 level patterns
2021-07-15 02:12:56,926 - __main__ - INFO - found 192 patterns
2021-07-15 02:12:56,928 - __main__ - INFO - computing patterns for level : 13
2021-07-15 02:12:57,051 - __main__ - INFO - saving 13 level patterns
2021-07-15 02:12:57,074 - __main__ - INFO - total time taken: 1640.0858476161957
2021-07-15 02:14:41,997 - __main__ - INFO - Got the following arguments: ['our_newtest.py', '0.05', '1', '0.4', '8', '../CMineMR-Mapreduce-algorithm-to-extract-coverage-patterns-master/dataset/mushroom.txt', 'varying_maxor_synthetic_1_newalgo']
2021-07-15 02:14:45,123 - __main__ - INFO - started mining
2021-07-15 02:14:45,123 - __main__ - INFO - reading transactional data
2021-07-15 02:14:45,142 - __main__ - INFO - First level mining
2021-07-15 02:14:47,200 - __main__ - INFO - Got first level patterns : 73  writing to file
2021-07-15 02:14:47,201 - __main__ - INFO - Generating second level candidateset
2021-07-15 02:14:47,460 - __main__ - INFO - saving 2 level patterns
2021-07-15 02:14:47,460 - __main__ - INFO - found 1348 patterns
2021-07-15 02:14:47,460 - __main__ - INFO - computing patterns for level : 3
2021-07-15 02:14:47,745 - __main__ - INFO - saving 3 level patterns
2021-07-15 02:14:47,745 - __main__ - INFO - found 10319 patterns
2021-07-15 02:14:47,745 - __main__ - INFO - computing patterns for level : 4
2021-07-15 02:14:48,111 - __main__ - INFO - saving 4 level patterns
2021-07-15 02:14:48,112 - __main__ - INFO - found 40623 patterns
2021-07-15 02:14:48,112 - __main__ - INFO - computing patterns for level : 5
2021-07-15 02:14:48,878 - __main__ - INFO - saving 5 level patterns
2021-07-15 02:14:48,882 - __main__ - INFO - found 93990 patterns
2021-07-15 02:14:48,882 - __main__ - INFO - computing patterns for level : 6
2021-07-15 02:14:50,320 - __main__ - INFO - saving 6 level patterns
2021-07-15 02:14:50,333 - __main__ - INFO - found 138772 patterns
2021-07-15 02:14:50,333 - __main__ - INFO - computing patterns for level : 7
2021-07-15 02:14:52,428 - __main__ - INFO - saving 7 level patterns
2021-07-15 02:14:52,443 - __main__ - INFO - found 137195 patterns
2021-07-15 02:14:52,443 - __main__ - INFO - computing patterns for level : 8
2021-07-15 02:14:54,398 - __main__ - INFO - saving 8 level patterns
2021-07-15 02:14:54,414 - __main__ - INFO - found 92623 patterns
2021-07-15 02:14:54,414 - __main__ - INFO - computing patterns for level : 9
2021-07-15 02:14:56,027 - __main__ - INFO - saving 9 level patterns
2021-07-15 02:14:56,036 - __main__ - INFO - found 42511 patterns
2021-07-15 02:14:56,036 - __main__ - INFO - computing patterns for level : 10
2021-07-15 02:14:56,746 - __main__ - INFO - saving 10 level patterns
2021-07-15 02:14:56,751 - __main__ - INFO - found 12880 patterns
2021-07-15 02:14:56,751 - __main__ - INFO - computing patterns for level : 11
2021-07-15 02:14:57,081 - __main__ - INFO - saving 11 level patterns
2021-07-15 02:14:57,082 - __main__ - INFO - found 2346 patterns
2021-07-15 02:14:57,082 - __main__ - INFO - computing patterns for level : 12
2021-07-15 02:14:57,237 - __main__ - INFO - saving 12 level patterns
2021-07-15 02:14:57,238 - __main__ - INFO - found 192 patterns
2021-07-15 02:14:57,238 - __main__ - INFO - computing patterns for level : 13
2021-07-15 02:14:57,355 - __main__ - INFO - saving 13 level patterns
2021-07-15 02:14:57,356 - __main__ - INFO - found 0 patterns
2021-07-15 02:14:57,356 - __main__ - INFO - computing patterns for level : 14
2021-07-15 02:14:57,508 - __main__ - INFO - saving 14 level patterns
2021-07-15 02:14:57,516 - __main__ - INFO - total time taken: 12.39365839958191
2021-07-15 02:16:56,174 - __main__ - INFO - Got the following arguments: ['our_pyspark.py', '0.05', '1', '0.4', '8', '../CMineMR-Mapreduce-algorithm-to-extract-coverage-patterns-master/dataset/mushroom.txt', 'varying_maxor_synthetic_1_newalgo']
2021-07-15 02:16:59,245 - __main__ - INFO - started mining
2021-07-15 02:16:59,245 - __main__ - INFO - reading transactional data
2021-07-15 02:16:59,264 - __main__ - INFO - First level mining
2021-07-15 02:17:01,415 - __main__ - INFO - Got first level patterns : 73  writing to file
2021-07-15 02:17:01,417 - __main__ - INFO - Generating second level candidateset
2021-07-15 02:17:01,685 - __main__ - INFO - saving 2 level patterns
2021-07-15 02:17:01,685 - __main__ - INFO - found 1348 patterns
2021-07-15 02:17:01,689 - __main__ - INFO - computing patterns for level : 3
2021-07-15 02:17:01,989 - __main__ - INFO - saving 3 level patterns
2021-07-15 02:17:01,990 - __main__ - INFO - found 10319 patterns
2021-07-15 02:17:02,017 - __main__ - INFO - computing patterns for level : 4
2021-07-15 02:17:03,572 - __main__ - INFO - saving 4 level patterns
2021-07-15 02:17:03,573 - __main__ - INFO - found 40623 patterns
2021-07-15 02:17:03,686 - __main__ - INFO - computing patterns for level : 5
2021-07-15 02:17:40,265 - __main__ - INFO - saving 5 level patterns
2021-07-15 02:17:40,271 - __main__ - INFO - found 93990 patterns
2021-07-15 02:17:40,548 - __main__ - INFO - computing patterns for level : 6
