2021-07-15 02:41:01,885 - __main__ - INFO - Got the following arguments: ['our_newtest.py', '0.055', '1', '0.3', '8', '../CMineMR-Mapreduce-algorithm-to-extract-coverage-patterns-master/dataset/synthetic.txt', 'varying_minrf_synthetic_0.055_ultrmaxpro']
2021-07-15 02:41:07,283 - __main__ - INFO - started mining
2021-07-15 02:41:07,284 - __main__ - INFO - reading transactional data
2021-07-15 02:41:07,444 - __main__ - INFO - First level mining
2021-07-15 02:41:10,531 - __main__ - INFO - Got first level patterns : 6  writing to file
2021-07-15 02:41:10,532 - __main__ - INFO - Generating second level candidateset
2021-07-15 02:41:10,648 - __main__ - INFO - saving 2 level patterns
2021-07-15 02:41:10,648 - __main__ - INFO - found 15 patterns
2021-07-15 02:41:10,648 - __main__ - INFO - computing patterns for level : 3
2021-07-15 02:41:10,975 - __main__ - INFO - saving 3 level patterns
2021-07-15 02:41:10,975 - __main__ - INFO - found 20 patterns
2021-07-15 02:41:10,975 - __main__ - INFO - computing patterns for level : 4
2021-07-15 02:41:11,192 - __main__ - INFO - saving 4 level patterns
2021-07-15 02:41:11,192 - __main__ - INFO - found 15 patterns
2021-07-15 02:41:11,192 - __main__ - INFO - computing patterns for level : 5
2021-07-15 02:41:11,308 - __main__ - INFO - saving 5 level patterns
2021-07-15 02:41:11,308 - __main__ - INFO - found 6 patterns
2021-07-15 02:41:11,308 - __main__ - INFO - computing patterns for level : 6
2021-07-15 02:41:11,462 - __main__ - INFO - saving 6 level patterns
2021-07-15 02:41:11,463 - __main__ - INFO - found 1 patterns
2021-07-15 02:41:11,463 - __main__ - INFO - computing patterns for level : 7
2021-07-15 02:41:11,638 - __main__ - INFO - saving 7 level patterns
2021-07-15 02:41:11,638 - __main__ - INFO - found 0 patterns
2021-07-15 02:41:11,638 - __main__ - INFO - computing patterns for level : 8
2021-07-15 02:41:11,775 - __main__ - INFO - saving 8 level patterns
2021-07-15 02:41:11,928 - __main__ - INFO - total time taken: 4.644921779632568
