2021-07-15 02:37:13,082 - __main__ - INFO - Got the following arguments: ['our_newtest.py', '0.045', '1', '0.25', '8', '../CMineMR-Mapreduce-algorithm-to-extract-coverage-patterns-master/dataset/synthetic.txt', 'varying_minrf_synthetic_0.25_ultrmaxpro']
2021-07-15 02:37:18,439 - __main__ - INFO - started mining
2021-07-15 02:37:18,440 - __main__ - INFO - reading transactional data
2021-07-15 02:37:18,626 - __main__ - INFO - First level mining
2021-07-15 02:37:21,415 - __main__ - INFO - Got first level patterns : 17  writing to file
2021-07-15 02:37:21,417 - __main__ - INFO - Generating second level candidateset
2021-07-15 02:37:21,558 - __main__ - INFO - saving 2 level patterns
2021-07-15 02:37:21,558 - __main__ - INFO - found 136 patterns
2021-07-15 02:37:21,558 - __main__ - INFO - computing patterns for level : 3
2021-07-15 02:37:21,988 - __main__ - INFO - saving 3 level patterns
2021-07-15 02:37:21,988 - __main__ - INFO - found 676 patterns
2021-07-15 02:37:21,988 - __main__ - INFO - computing patterns for level : 4
2021-07-15 02:37:22,427 - __main__ - INFO - saving 4 level patterns
2021-07-15 02:37:22,427 - __main__ - INFO - found 2230 patterns
2021-07-15 02:37:22,427 - __main__ - INFO - computing patterns for level : 5
2021-07-15 02:37:23,350 - __main__ - INFO - saving 5 level patterns
2021-07-15 02:37:23,350 - __main__ - INFO - found 4438 patterns
2021-07-15 02:37:23,350 - __main__ - INFO - computing patterns for level : 6
2021-07-15 02:37:25,301 - __main__ - INFO - saving 6 level patterns
2021-07-15 02:37:25,302 - __main__ - INFO - found 4554 patterns
2021-07-15 02:37:25,302 - __main__ - INFO - computing patterns for level : 7
2021-07-15 02:37:27,082 - __main__ - INFO - saving 7 level patterns
2021-07-15 02:37:27,082 - __main__ - INFO - found 1054 patterns
2021-07-15 02:37:27,082 - __main__ - INFO - computing patterns for level : 8
2021-07-15 02:37:27,645 - __main__ - INFO - saving 8 level patterns
2021-07-15 02:37:27,646 - __main__ - INFO - found 44 patterns
2021-07-15 02:37:27,646 - __main__ - INFO - computing patterns for level : 9
2021-07-15 02:37:27,791 - __main__ - INFO - saving 9 level patterns
2021-07-15 02:37:27,791 - __main__ - INFO - found 0 patterns
2021-07-15 02:37:27,792 - __main__ - INFO - computing patterns for level : 10
2021-07-15 02:37:27,941 - __main__ - INFO - saving 10 level patterns
2021-07-15 02:37:27,991 - __main__ - INFO - total time taken: 9.55146074295044
