2021-07-18 08:27:05,963 - __main__ - INFO - Got the following arguments: ['our_newtest.py', '0.045', '1', '0.1', '8', '../CMineMR-Mapreduce-algorithm-to-extract-coverage-patterns-master/dataset/synthetic.txt', 'varying_mincs_mushroom_0.1_ultrmaxprodummy']
2021-07-18 08:27:11,560 - __main__ - INFO - started mining
2021-07-18 08:27:11,561 - __main__ - INFO - reading transactional data
2021-07-18 08:27:11,938 - __main__ - INFO - transactions size: 13738144
2021-07-18 08:27:11,939 - __main__ - INFO - First level mining
2021-07-18 08:27:15,127 - __main__ - INFO - Got first level patterns : 17  writing to file
2021-07-18 08:27:15,129 - __main__ - INFO - Generating second level candidateset
2021-07-18 08:27:15,269 - __main__ - INFO - saving 2 level patterns
2021-07-18 08:27:15,269 - __main__ - INFO - found 123 patterns
2021-07-18 08:27:15,269 - __main__ - INFO - computing patterns for level : 3
2021-07-18 08:27:15,668 - __main__ - INFO - saving 3 level patterns
2021-07-18 08:27:15,668 - __main__ - INFO - found 285 patterns
2021-07-18 08:27:15,668 - __main__ - INFO - computing patterns for level : 4
2021-07-18 08:27:15,871 - __main__ - INFO - saving 4 level patterns
2021-07-18 08:27:15,871 - __main__ - INFO - found 32 patterns
2021-07-18 08:27:15,871 - __main__ - INFO - computing patterns for level : 5
2021-07-18 08:27:16,010 - __main__ - INFO - saving 5 level patterns
2021-07-18 08:27:16,010 - __main__ - INFO - found 0 patterns
2021-07-18 08:27:16,010 - __main__ - INFO - computing patterns for level : 6
2021-07-18 08:27:16,180 - __main__ - INFO - saving 6 level patterns
2021-07-18 08:27:16,251 - __main__ - INFO - total time taken: 4.690673351287842
2021-07-18 08:27:16,252 - root - INFO - broadcast size:3754307
shuffle read:26122
shuffle write:21919
2021-07-18 08:41:53,786 - __main__ - INFO - Got the following arguments: ['our_newtest.py', '0.05', '1', '0.1', '8', '../CMineMR-Mapreduce-algorithm-to-extract-coverage-patterns-master/dataset/mushroom.txt', 'varying_mincs_mushroom_0.1_ultrmaxprodummy']
2021-07-18 08:41:59,622 - __main__ - INFO - started mining
2021-07-18 08:41:59,622 - __main__ - INFO - reading transactional data
2021-07-18 08:41:59,679 - __main__ - INFO - transactions size: 2151101
2021-07-18 08:41:59,680 - __main__ - INFO - First level mining
2021-07-18 08:42:01,722 - __main__ - INFO - Got first level patterns : 73  writing to file
2021-07-18 08:42:01,724 - __main__ - INFO - Generating second level candidateset
2021-07-18 08:42:01,976 - __main__ - INFO - saving 2 level patterns
2021-07-18 08:42:01,976 - __main__ - INFO - found 719 patterns
2021-07-18 08:42:01,976 - __main__ - INFO - computing patterns for level : 3
2021-07-18 08:42:02,189 - __main__ - INFO - saving 3 level patterns
2021-07-18 08:42:02,189 - __main__ - INFO - found 2475 patterns
2021-07-18 08:42:02,189 - __main__ - INFO - computing patterns for level : 4
2021-07-18 08:42:02,382 - __main__ - INFO - saving 4 level patterns
2021-07-18 08:42:02,382 - __main__ - INFO - found 3851 patterns
2021-07-18 08:42:02,382 - __main__ - INFO - computing patterns for level : 5
2021-07-18 08:42:02,634 - __main__ - INFO - saving 5 level patterns
2021-07-18 08:42:02,634 - __main__ - INFO - found 3008 patterns
2021-07-18 08:42:02,634 - __main__ - INFO - computing patterns for level : 6
2021-07-18 08:42:02,895 - __main__ - INFO - saving 6 level patterns
2021-07-18 08:42:02,895 - __main__ - INFO - found 1267 patterns
2021-07-18 08:42:02,895 - __main__ - INFO - computing patterns for level : 7
2021-07-18 08:42:03,099 - __main__ - INFO - saving 7 level patterns
2021-07-18 08:42:03,100 - __main__ - INFO - found 282 patterns
2021-07-18 08:42:03,100 - __main__ - INFO - computing patterns for level : 8
2021-07-18 08:42:03,204 - __main__ - INFO - saving 8 level patterns
2021-07-18 08:42:03,204 - __main__ - INFO - found 31 patterns
2021-07-18 08:42:03,204 - __main__ - INFO - computing patterns for level : 9
2021-07-18 08:42:03,317 - __main__ - INFO - saving 9 level patterns
2021-07-18 08:42:03,317 - __main__ - INFO - found 1 patterns
2021-07-18 08:42:03,317 - __main__ - INFO - computing patterns for level : 10
2021-07-18 08:42:03,419 - __main__ - INFO - saving 10 level patterns
2021-07-18 08:42:03,419 - __main__ - INFO - found 0 patterns
2021-07-18 08:42:03,420 - __main__ - INFO - computing patterns for level : 11
2021-07-18 08:42:03,545 - __main__ - INFO - saving 11 level patterns
2021-07-18 08:42:03,553 - __main__ - INFO - total time taken: 3.931062698364258
2021-07-18 08:42:03,554 - root - INFO - broadcast size:558345
shuffle read:910841
shuffle write:884972
2021-07-18 08:52:26,752 - __main__ - INFO - Got the following arguments: ['our_newtest.py', '0.05', '1', '0.1', '8', '../CMineMR-Mapreduce-algorithm-to-extract-coverage-patterns-master/dataset/bmspos.txt', 'varying_mincs_mushroom_0.1_ultrmaxprodummy']
2021-07-18 08:52:32,671 - __main__ - INFO - started mining
2021-07-18 08:52:32,672 - __main__ - INFO - reading transactional data
2021-07-18 08:52:33,030 - __main__ - INFO - transactions size: 8368681
2021-07-18 08:52:33,031 - __main__ - INFO - First level mining
2021-07-18 08:52:35,809 - __main__ - INFO - Got first level patterns : 29  writing to file
2021-07-18 08:52:35,811 - __main__ - INFO - Generating second level candidateset
2021-07-18 08:52:36,122 - __main__ - INFO - saving 2 level patterns
2021-07-18 08:52:36,122 - __main__ - INFO - found 15 patterns
2021-07-18 08:52:36,122 - __main__ - INFO - computing patterns for level : 3
2021-07-18 08:52:36,423 - __main__ - INFO - saving 3 level patterns
2021-07-18 08:52:36,424 - __main__ - INFO - found 0 patterns
2021-07-18 08:52:36,424 - __main__ - INFO - computing patterns for level : 4
2021-07-18 08:52:36,556 - __main__ - INFO - saving 4 level patterns
2021-07-18 08:52:36,624 - __main__ - INFO - total time taken: 3.952127695083618
2021-07-18 08:52:36,624 - root - INFO - broadcast size:2964751
shuffle read:1096
shuffle write:101
2021-07-18 09:26:05,615 - __main__ - INFO - Got the following arguments: ['our_newtest.py', '0.065', '1', '0.1', '8', '../CMineMR-Mapreduce-algorithm-to-extract-coverage-patterns-master/dataset/bmspos.txt', 'varying_mincs_mushroom_0.1_ultrmaxprodummy']
2021-07-18 09:26:12,309 - __main__ - INFO - started mining
2021-07-18 09:26:12,309 - __main__ - INFO - reading transactional data
2021-07-18 09:26:12,607 - __main__ - INFO - transactions size: 8368681
2021-07-18 09:26:12,607 - __main__ - INFO - First level mining
2021-07-18 09:26:15,597 - __main__ - INFO - Got first level patterns : 20  writing to file
2021-07-18 09:26:15,599 - __main__ - INFO - Generating second level candidateset
2021-07-18 09:26:15,808 - __main__ - INFO - saving 2 level patterns
2021-07-18 09:26:15,808 - __main__ - INFO - found 0 patterns
2021-07-18 09:26:15,808 - __main__ - INFO - computing patterns for level : 3
2021-07-18 09:26:16,120 - __main__ - INFO - saving 3 level patterns
2021-07-18 09:26:16,120 - __main__ - INFO - found 0 patterns
2021-07-18 09:26:16,120 - __main__ - INFO - computing patterns for level : 4
2021-07-18 09:26:16,218 - __main__ - INFO - saving 4 level patterns
2021-07-18 09:26:16,271 - __main__ - INFO - total time taken: 3.9627492427825928
2021-07-18 09:26:16,272 - root - INFO - broadcast size:2964751
shuffle read:421
shuffle write:74
2021-07-23 20:20:47,211 - __main__ - INFO - Got the following arguments: ['our_newtest.py', '0.03', '1', '0.1', '8', '../CMineMR-Mapreduce-algorithm-to-extract-coverage-patterns-master/dataset/synthetic.txt', 'varying_mincs_mushroom_0.1_ultrmaxprodummy']
2021-07-23 20:20:52,478 - __main__ - INFO - started mining
2021-07-23 20:20:52,478 - __main__ - INFO - reading transactional data
2021-07-23 20:20:52,642 - __main__ - INFO - First level mining
2021-07-23 20:20:55,416 - __main__ - INFO - Got first level patterns : 60  writing to file
2021-07-23 20:20:55,461 - __main__ - INFO - Generating second level candidateset
2021-07-23 20:20:55,853 - __main__ - INFO - saving 2 level patterns
2021-07-23 20:20:55,853 - __main__ - INFO - found 1612 patterns
2021-07-23 20:20:55,853 - __main__ - INFO - computing patterns for level : 3
2021-07-23 20:20:58,105 - __main__ - INFO - saving 3 level patterns
2021-07-23 20:20:58,106 - __main__ - INFO - found 22302 patterns
2021-07-23 20:20:58,106 - __main__ - INFO - computing patterns for level : 4
2021-07-23 20:21:09,970 - __main__ - INFO - saving 4 level patterns
2021-07-23 20:21:09,974 - __main__ - INFO - found 125805 patterns
2021-07-23 20:21:09,974 - __main__ - INFO - computing patterns for level : 5
2021-07-23 20:21:48,862 - __main__ - INFO - saving 5 level patterns
2021-07-23 20:21:48,871 - __main__ - INFO - found 125743 patterns
2021-07-23 20:21:48,871 - __main__ - INFO - computing patterns for level : 6
2021-07-23 20:22:12,482 - __main__ - INFO - saving 6 level patterns
2021-07-23 20:22:12,486 - __main__ - INFO - found 2488 patterns
2021-07-23 20:22:12,486 - __main__ - INFO - computing patterns for level : 7
2021-07-23 20:22:13,185 - __main__ - INFO - saving 7 level patterns
2021-07-23 20:22:13,185 - __main__ - INFO - found 0 patterns
2021-07-23 20:22:13,185 - __main__ - INFO - computing patterns for level : 8
2021-07-23 20:22:13,290 - __main__ - INFO - saving 8 level patterns
2021-07-23 20:22:13,331 - __main__ - INFO - total time taken: 80.85323977470398
2021-07-23 20:22:13,332 - root - INFO - broadcast size:0
shuffle read:0
shuffle write:0
2021-07-25 00:31:16,033 - __main__ - INFO - Got the following arguments: ['our_newtest.py', '0.04', '1', '0.1', '16', '../CMineMR-Mapreduce-algorithm-to-extract-coverage-patterns-master/dataset/mushroom.txt', 'varying_mincs_mushroom_0.1_ultrmaxprodummy']
2021-07-25 00:31:22,640 - __main__ - INFO - started mining
2021-07-25 00:31:22,641 - __main__ - INFO - reading transactional data
2021-07-25 00:31:22,667 - __main__ - INFO - First level mining
2021-07-25 00:31:24,791 - __main__ - INFO - Got first level patterns : 79  writing to file
2021-07-25 00:31:24,792 - __main__ - INFO - Generating second level candidateset
2021-07-25 00:31:25,075 - __main__ - INFO - saving 2 level patterns
2021-07-25 00:31:25,075 - __main__ - INFO - found 942 patterns
2021-07-25 00:31:25,075 - __main__ - INFO - computing patterns for level : 3
2021-07-25 00:31:25,299 - __main__ - INFO - saving 3 level patterns
2021-07-25 00:31:25,300 - __main__ - INFO - found 4336 patterns
2021-07-25 00:31:25,300 - __main__ - INFO - computing patterns for level : 4
2021-07-25 00:31:25,546 - __main__ - INFO - saving 4 level patterns
2021-07-25 00:31:25,547 - __main__ - INFO - found 9861 patterns
2021-07-25 00:31:25,547 - __main__ - INFO - computing patterns for level : 5
2021-07-25 00:31:25,916 - __main__ - INFO - saving 5 level patterns
2021-07-25 00:31:25,918 - __main__ - INFO - found 12624 patterns
2021-07-25 00:31:25,918 - __main__ - INFO - computing patterns for level : 6
2021-07-25 00:31:26,350 - __main__ - INFO - saving 6 level patterns
2021-07-25 00:31:26,353 - __main__ - INFO - found 9695 patterns
2021-07-25 00:31:26,353 - __main__ - INFO - computing patterns for level : 7
2021-07-25 00:31:26,730 - __main__ - INFO - saving 7 level patterns
2021-07-25 00:31:26,731 - __main__ - INFO - found 4561 patterns
2021-07-25 00:31:26,731 - __main__ - INFO - computing patterns for level : 8
2021-07-25 00:31:26,930 - __main__ - INFO - saving 8 level patterns
2021-07-25 00:31:26,930 - __main__ - INFO - found 1277 patterns
2021-07-25 00:31:26,930 - __main__ - INFO - computing patterns for level : 9
2021-07-25 00:31:27,056 - __main__ - INFO - saving 9 level patterns
2021-07-25 00:31:27,056 - __main__ - INFO - found 193 patterns
2021-07-25 00:31:27,056 - __main__ - INFO - computing patterns for level : 10
2021-07-25 00:31:27,173 - __main__ - INFO - saving 10 level patterns
2021-07-25 00:31:27,173 - __main__ - INFO - found 12 patterns
2021-07-25 00:31:27,173 - __main__ - INFO - computing patterns for level : 11
2021-07-25 00:31:27,283 - __main__ - INFO - saving 11 level patterns
2021-07-25 00:31:27,283 - __main__ - INFO - found 0 patterns
2021-07-25 00:31:27,283 - __main__ - INFO - computing patterns for level : 12
2021-07-25 00:31:27,385 - __main__ - INFO - saving 12 level patterns
2021-07-25 00:31:27,398 - __main__ - INFO - total time taken: 4.757450819015503
2021-07-25 00:31:27,399 - root - INFO - broadcast size:0
shuffle read:0
shuffle write:0
