2021-07-25 23:50:59,648 - __main__ - INFO - Got the following arguments: ['our_newtest.py', '0.04', '1', '0.25', '16', '../CMineMR-Mapreduce-algorithm-to-extract-coverage-patterns-master/dataset/synthetic.txt', 'varying_mincs_synthetic_0.25_ultrmaxprodummy']
2021-07-25 23:51:04,995 - __main__ - INFO - started mining
2021-07-25 23:51:04,996 - __main__ - INFO - reading transactional data
2021-07-25 23:51:05,165 - __main__ - INFO - First level mining
2021-07-25 23:51:08,173 - __main__ - INFO - Got first level patterns : 26  writing to file
2021-07-25 23:51:08,174 - __main__ - INFO - Generating second level candidateset
2021-07-25 23:51:08,352 - __main__ - INFO - saving 2 level patterns
2021-07-25 23:51:08,352 - __main__ - INFO - found 323 patterns
2021-07-25 23:51:08,352 - __main__ - INFO - computing patterns for level : 3
2021-07-25 23:51:08,939 - __main__ - INFO - saving 3 level patterns
2021-07-25 23:51:08,940 - __main__ - INFO - found 2528 patterns
2021-07-25 23:51:08,940 - __main__ - INFO - computing patterns for level : 4
2021-07-25 23:51:10,108 - __main__ - INFO - saving 4 level patterns
2021-07-25 23:51:10,108 - __main__ - INFO - found 13730 patterns
2021-07-25 23:51:10,108 - __main__ - INFO - computing patterns for level : 5
2021-07-25 23:51:14,554 - __main__ - INFO - saving 5 level patterns
2021-07-25 23:51:14,557 - __main__ - INFO - found 51572 patterns
2021-07-25 23:51:14,557 - __main__ - INFO - computing patterns for level : 6
2021-07-25 23:51:29,101 - __main__ - INFO - saving 6 level patterns
2021-07-25 23:51:29,108 - __main__ - INFO - found 117349 patterns
2021-07-25 23:51:29,108 - __main__ - INFO - computing patterns for level : 7
2021-07-25 23:52:02,065 - __main__ - INFO - saving 7 level patterns
2021-07-25 23:52:02,079 - __main__ - INFO - found 113410 patterns
2021-07-25 23:52:02,079 - __main__ - INFO - computing patterns for level : 8
2021-07-25 23:52:37,327 - __main__ - INFO - saving 8 level patterns
2021-07-25 23:52:37,335 - __main__ - INFO - found 29029 patterns
2021-07-25 23:52:37,335 - __main__ - INFO - computing patterns for level : 9
2021-07-25 23:52:48,889 - __main__ - INFO - saving 9 level patterns
2021-07-25 23:52:48,891 - __main__ - INFO - found 1287 patterns
2021-07-25 23:52:48,891 - __main__ - INFO - computing patterns for level : 10
2021-07-25 23:52:49,652 - __main__ - INFO - saving 10 level patterns
2021-07-25 23:52:49,652 - __main__ - INFO - found 0 patterns
2021-07-25 23:52:49,652 - __main__ - INFO - computing patterns for level : 11
2021-07-25 23:52:49,760 - __main__ - INFO - saving 11 level patterns
2021-07-25 23:52:49,803 - __main__ - INFO - total time taken: 104.80741095542908
2021-07-25 23:52:49,804 - root - INFO - broadcast size:0
shuffle read:0
shuffle write:0
