2021-07-24 22:46:52,497 - __main__ - INFO - Got the following arguments: ['our_newtest.py', '0.04', '1', '0.25', '16', '../CMineMR-Mapreduce-algorithm-to-extract-coverage-patterns-master/dataset/bmspos.txt', 'varying_mincs_bmspos_0.25_ultrmaxprodummy']
2021-07-24 22:46:57,937 - __main__ - INFO - started mining
2021-07-24 22:46:57,938 - __main__ - INFO - reading transactional data
2021-07-24 22:46:58,066 - __main__ - INFO - First level mining
2021-07-24 22:47:00,818 - __main__ - INFO - Got first level patterns : 36  writing to file
2021-07-24 22:47:00,819 - __main__ - INFO - Generating second level candidateset
2021-07-24 22:47:01,186 - __main__ - INFO - saving 2 level patterns
2021-07-24 22:47:01,186 - __main__ - INFO - found 402 patterns
2021-07-24 22:47:01,186 - __main__ - INFO - computing patterns for level : 3
2021-07-24 22:47:01,774 - __main__ - INFO - saving 3 level patterns
2021-07-24 22:47:01,774 - __main__ - INFO - found 1779 patterns
2021-07-24 22:47:01,774 - __main__ - INFO - computing patterns for level : 4
2021-07-24 22:47:02,434 - __main__ - INFO - saving 4 level patterns
2021-07-24 22:47:02,434 - __main__ - INFO - found 1238 patterns
2021-07-24 22:47:02,434 - __main__ - INFO - computing patterns for level : 5
2021-07-24 22:47:02,831 - __main__ - INFO - saving 5 level patterns
2021-07-24 22:47:02,831 - __main__ - INFO - found 3 patterns
2021-07-24 22:47:02,831 - __main__ - INFO - computing patterns for level : 6
2021-07-24 22:47:03,002 - __main__ - INFO - saving 6 level patterns
2021-07-24 22:47:03,002 - __main__ - INFO - found 0 patterns
2021-07-24 22:47:03,003 - __main__ - INFO - computing patterns for level : 7
2021-07-24 22:47:03,154 - __main__ - INFO - saving 7 level patterns
2021-07-24 22:47:03,222 - __main__ - INFO - total time taken: 5.284412622451782
2021-07-24 22:47:03,222 - root - INFO - broadcast size:0
shuffle read:0
shuffle write:0
