2021-07-15 02:41:10,080 - __main__ - INFO - Got the following arguments: ['our_newtest.py', '0.06', '1', '0.3', '8', '../CMineMR-Mapreduce-algorithm-to-extract-coverage-patterns-master/dataset/synthetic.txt', 'varying_minrf_synthetic_0.06_ultrmaxpro']
2021-07-15 02:41:15,774 - __main__ - INFO - started mining
2021-07-15 02:41:15,775 - __main__ - INFO - reading transactional data
2021-07-15 02:41:15,941 - __main__ - INFO - First level mining
2021-07-15 02:41:19,186 - __main__ - INFO - Got first level patterns : 4  writing to file
2021-07-15 02:41:19,188 - __main__ - INFO - Generating second level candidateset
2021-07-15 02:41:19,312 - __main__ - INFO - saving 2 level patterns
2021-07-15 02:41:19,312 - __main__ - INFO - found 6 patterns
2021-07-15 02:41:19,312 - __main__ - INFO - computing patterns for level : 3
2021-07-15 02:41:19,606 - __main__ - INFO - saving 3 level patterns
2021-07-15 02:41:19,607 - __main__ - INFO - found 4 patterns
2021-07-15 02:41:19,607 - __main__ - INFO - computing patterns for level : 4
2021-07-15 02:41:19,874 - __main__ - INFO - saving 4 level patterns
2021-07-15 02:41:19,874 - __main__ - INFO - found 1 patterns
2021-07-15 02:41:19,874 - __main__ - INFO - computing patterns for level : 5
2021-07-15 02:41:20,011 - __main__ - INFO - saving 5 level patterns
2021-07-15 02:41:20,011 - __main__ - INFO - found 0 patterns
2021-07-15 02:41:20,011 - __main__ - INFO - computing patterns for level : 6
2021-07-15 02:41:20,164 - __main__ - INFO - saving 6 level patterns
2021-07-15 02:41:20,308 - __main__ - INFO - total time taken: 4.533184766769409
