2021-07-15 02:29:41,058 - __main__ - INFO - Got the following arguments: ['our_newtest.py', '0.095', '1', '0.6', '8', '../CMineMR-Mapreduce-algorithm-to-extract-coverage-patterns-master/dataset/bmspos.txt', 'varying_minrf_synthetic_0.095_ultrmaxpro']
2021-07-15 02:29:46,694 - __main__ - INFO - started mining
2021-07-15 02:29:46,695 - __main__ - INFO - reading transactional data
2021-07-15 02:29:46,829 - __main__ - INFO - First level mining
2021-07-15 02:29:49,511 - __main__ - INFO - Got first level patterns : 11  writing to file
2021-07-15 02:29:49,512 - __main__ - INFO - Generating second level candidateset
2021-07-15 02:29:49,660 - __main__ - INFO - saving 2 level patterns
2021-07-15 02:29:49,660 - __main__ - INFO - found 36 patterns
2021-07-15 02:29:49,660 - __main__ - INFO - computing patterns for level : 3
2021-07-15 02:29:49,995 - __main__ - INFO - saving 3 level patterns
2021-07-15 02:29:49,996 - __main__ - INFO - found 75 patterns
2021-07-15 02:29:49,996 - __main__ - INFO - computing patterns for level : 4
2021-07-15 02:29:50,193 - __main__ - INFO - saving 4 level patterns
2021-07-15 02:29:50,193 - __main__ - INFO - found 67 patterns
2021-07-15 02:29:50,193 - __main__ - INFO - computing patterns for level : 5
2021-07-15 02:29:50,372 - __main__ - INFO - saving 5 level patterns
2021-07-15 02:29:50,372 - __main__ - INFO - found 8 patterns
2021-07-15 02:29:50,372 - __main__ - INFO - computing patterns for level : 6
2021-07-15 02:29:50,503 - __main__ - INFO - saving 6 level patterns
2021-07-15 02:29:50,503 - __main__ - INFO - found 0 patterns
2021-07-15 02:29:50,503 - __main__ - INFO - computing patterns for level : 7
2021-07-15 02:29:50,648 - __main__ - INFO - saving 7 level patterns
2021-07-15 02:29:50,738 - __main__ - INFO - total time taken: 4.044113397598267
