2021-07-15 02:29:37,994 - __main__ - INFO - Got the following arguments: ['our_newtest.py', '0.085', '1', '0.6', '8', '../CMineMR-Mapreduce-algorithm-to-extract-coverage-patterns-master/dataset/bmspos.txt', 'varying_minrf_synthetic_0.085_ultrmaxpro']
2021-07-15 02:29:43,375 - __main__ - INFO - started mining
2021-07-15 02:29:43,376 - __main__ - INFO - reading transactional data
2021-07-15 02:29:43,502 - __main__ - INFO - First level mining
2021-07-15 02:29:45,900 - __main__ - INFO - Got first level patterns : 13  writing to file
2021-07-15 02:29:45,901 - __main__ - INFO - Generating second level candidateset
2021-07-15 02:29:46,047 - __main__ - INFO - saving 2 level patterns
2021-07-15 02:29:46,047 - __main__ - INFO - found 55 patterns
2021-07-15 02:29:46,047 - __main__ - INFO - computing patterns for level : 3
2021-07-15 02:29:46,376 - __main__ - INFO - saving 3 level patterns
2021-07-15 02:29:46,376 - __main__ - INFO - found 154 patterns
2021-07-15 02:29:46,376 - __main__ - INFO - computing patterns for level : 4
2021-07-15 02:29:46,607 - __main__ - INFO - saving 4 level patterns
2021-07-15 02:29:46,607 - __main__ - INFO - found 221 patterns
2021-07-15 02:29:46,607 - __main__ - INFO - computing patterns for level : 5
2021-07-15 02:29:46,913 - __main__ - INFO - saving 5 level patterns
2021-07-15 02:29:46,914 - __main__ - INFO - found 130 patterns
2021-07-15 02:29:46,914 - __main__ - INFO - computing patterns for level : 6
2021-07-15 02:29:47,168 - __main__ - INFO - saving 6 level patterns
2021-07-15 02:29:47,168 - __main__ - INFO - found 21 patterns
2021-07-15 02:29:47,168 - __main__ - INFO - computing patterns for level : 7
2021-07-15 02:29:47,320 - __main__ - INFO - saving 7 level patterns
2021-07-15 02:29:47,320 - __main__ - INFO - found 0 patterns
2021-07-15 02:29:47,320 - __main__ - INFO - computing patterns for level : 8
2021-07-15 02:29:47,443 - __main__ - INFO - saving 8 level patterns
2021-07-15 02:29:47,517 - __main__ - INFO - total time taken: 4.141758441925049
