2021-07-28 00:50:12,981 - __main__ - INFO - Got the following arguments: ['our_newtest.py', '0.047', '1', '0.25', '16', '../CMineMR-Mapreduce-algorithm-to-extract-coverage-patterns-master/dataset/synthetic.txt', 'varying_minRF_synthetic_0.047_ultrmaxprodummy']
2021-07-28 00:50:18,502 - __main__ - INFO - started mining
2021-07-28 00:50:18,502 - __main__ - INFO - reading transactional data
2021-07-28 00:50:18,670 - __main__ - INFO - First level mining
2021-07-28 00:50:21,814 - __main__ - INFO - Got first level patterns : 13  writing to file
2021-07-28 00:50:21,815 - __main__ - INFO - Generating second level candidateset
2021-07-28 00:50:21,945 - __main__ - INFO - saving 2 level patterns
2021-07-28 00:50:21,945 - __main__ - INFO - found 78 patterns
2021-07-28 00:50:21,945 - __main__ - INFO - computing patterns for level : 3
2021-07-28 00:50:22,304 - __main__ - INFO - saving 3 level patterns
2021-07-28 00:50:22,304 - __main__ - INFO - found 284 patterns
2021-07-28 00:50:22,304 - __main__ - INFO - computing patterns for level : 4
2021-07-28 00:50:22,633 - __main__ - INFO - saving 4 level patterns
2021-07-28 00:50:22,633 - __main__ - INFO - found 668 patterns
2021-07-28 00:50:22,633 - __main__ - INFO - computing patterns for level : 5
2021-07-28 00:50:22,941 - __main__ - INFO - saving 5 level patterns
2021-07-28 00:50:22,941 - __main__ - INFO - found 862 patterns
2021-07-28 00:50:22,941 - __main__ - INFO - computing patterns for level : 6
2021-07-28 00:50:23,387 - __main__ - INFO - saving 6 level patterns
2021-07-28 00:50:23,387 - __main__ - INFO - found 545 patterns
2021-07-28 00:50:23,387 - __main__ - INFO - computing patterns for level : 7
2021-07-28 00:50:23,637 - __main__ - INFO - saving 7 level patterns
2021-07-28 00:50:23,637 - __main__ - INFO - found 83 patterns
2021-07-28 00:50:23,637 - __main__ - INFO - computing patterns for level : 8
2021-07-28 00:50:23,799 - __main__ - INFO - saving 8 level patterns
2021-07-28 00:50:23,800 - __main__ - INFO - found 1 patterns
2021-07-28 00:50:23,800 - __main__ - INFO - computing patterns for level : 9
2021-07-28 00:50:23,931 - __main__ - INFO - saving 9 level patterns
2021-07-28 00:50:23,931 - __main__ - INFO - found 0 patterns
2021-07-28 00:50:23,931 - __main__ - INFO - computing patterns for level : 10
2021-07-28 00:50:24,046 - __main__ - INFO - saving 10 level patterns
2021-07-28 00:50:24,132 - __main__ - INFO - total time taken: 5.629944086074829
2021-07-28 00:50:24,132 - root - INFO - broadcast size:0
shuffle read:0
shuffle write:0
