2021-06-18 16:54:12,843 - __main__ - INFO - Got the following arguments: ['our_mine_3.py', '0.05', '1', '0.3', '8', '../CMineMR-Mapreduce-algorithm-to-extract-coverage-patterns-master/dataset/synthetic.txt', 'varying_minrf_0.05_ouralgo']
2021-06-18 16:54:12,844 - __main__ - INFO - started mining
2021-06-18 16:54:12,844 - __main__ - INFO - reading transactional data
2021-06-18 16:54:13,000 - __main__ - INFO - First level mining
2021-06-18 16:54:13,560 - __main__ - INFO - Got first level patterns : 10  writing to file
2021-06-18 16:54:13,560 - __main__ - INFO - Generating second level candidateset
2021-06-18 16:54:13,626 - __main__ - INFO - saving 2 level patterns
2021-06-18 16:54:13,630 - __main__ - INFO - found 45 patterns
2021-06-18 16:54:13,630 - __main__ - INFO - computing patterns for level : 3
2021-06-18 16:54:13,765 - __main__ - INFO - saving 3 level patterns
2021-06-18 16:54:13,774 - __main__ - INFO - found 120 patterns
2021-06-18 16:54:13,774 - __main__ - INFO - computing patterns for level : 4
2021-06-18 16:54:13,905 - __main__ - INFO - saving 4 level patterns
2021-06-18 16:54:13,966 - __main__ - INFO - found 210 patterns
2021-06-18 16:54:13,966 - __main__ - INFO - computing patterns for level : 5
2021-06-18 16:54:14,199 - __main__ - INFO - saving 5 level patterns
2021-06-18 16:54:14,211 - __main__ - INFO - found 252 patterns
2021-06-18 16:54:14,211 - __main__ - INFO - computing patterns for level : 6
2021-06-18 16:54:14,442 - __main__ - INFO - saving 6 level patterns
2021-06-18 16:54:14,455 - __main__ - INFO - found 196 patterns
2021-06-18 16:54:14,456 - __main__ - INFO - computing patterns for level : 7
2021-06-18 16:54:14,687 - __main__ - INFO - saving 7 level patterns
2021-06-18 16:54:14,695 - __main__ - INFO - found 73 patterns
2021-06-18 16:54:14,695 - __main__ - INFO - computing patterns for level : 8
2021-06-18 16:54:14,827 - __main__ - INFO - saving 8 level patterns
2021-06-18 16:54:14,829 - __main__ - INFO - found 1 patterns
2021-06-18 16:54:14,829 - __main__ - INFO - computing patterns for level : 9
2021-06-18 16:54:14,961 - __main__ - INFO - saving 9 level patterns
2021-06-18 16:54:14,994 - __main__ - INFO - total time taken: 2.150463342666626
