2021-07-24 22:26:23,889 - __main__ - INFO - Got the following arguments: ['our_newtest.py', '0.04', '1', '0.5', '16', '../CMineMR-Mapreduce-algorithm-to-extract-coverage-patterns-master/dataset/bmspos.txt', 'varying_mincs_bmspos_0.5_ultrmaxprodummy']
2021-07-24 22:26:29,263 - __main__ - INFO - started mining
2021-07-24 22:26:29,263 - __main__ - INFO - reading transactional data
2021-07-24 22:26:29,392 - __main__ - INFO - First level mining
2021-07-24 22:26:32,089 - __main__ - INFO - Got first level patterns : 36  writing to file
2021-07-24 22:26:32,090 - __main__ - INFO - Generating second level candidateset
2021-07-24 22:26:32,423 - __main__ - INFO - saving 2 level patterns
2021-07-24 22:26:32,423 - __main__ - INFO - found 552 patterns
2021-07-24 22:26:32,423 - __main__ - INFO - computing patterns for level : 3
2021-07-24 22:26:33,361 - __main__ - INFO - saving 3 level patterns
2021-07-24 22:26:33,361 - __main__ - INFO - found 5405 patterns
2021-07-24 22:26:33,361 - __main__ - INFO - computing patterns for level : 4
2021-07-24 22:26:37,105 - __main__ - INFO - saving 4 level patterns
2021-07-24 22:26:37,106 - __main__ - INFO - found 33301 patterns
2021-07-24 22:26:37,106 - __main__ - INFO - computing patterns for level : 5
2021-07-24 22:26:54,439 - __main__ - INFO - saving 5 level patterns
2021-07-24 22:26:54,443 - __main__ - INFO - found 134352 patterns
2021-07-24 22:26:54,443 - __main__ - INFO - computing patterns for level : 6
2021-07-24 22:27:57,252 - __main__ - INFO - saving 6 level patterns
2021-07-24 22:27:57,270 - __main__ - INFO - found 354418 patterns
2021-07-24 22:27:57,270 - __main__ - INFO - computing patterns for level : 7
2021-07-24 22:30:22,868 - __main__ - INFO - saving 7 level patterns
2021-07-24 22:30:22,907 - __main__ - INFO - found 545068 patterns
2021-07-24 22:30:22,907 - __main__ - INFO - computing patterns for level : 8
2021-07-24 22:34:32,032 - __main__ - INFO - saving 8 level patterns
2021-07-24 22:34:32,077 - __main__ - INFO - found 372886 patterns
2021-07-24 22:34:32,077 - __main__ - INFO - computing patterns for level : 9
2021-07-24 22:37:56,747 - __main__ - INFO - saving 9 level patterns
2021-07-24 22:37:56,766 - __main__ - INFO - found 75124 patterns
2021-07-24 22:37:56,766 - __main__ - INFO - computing patterns for level : 10
2021-07-24 22:38:49,755 - __main__ - INFO - saving 10 level patterns
2021-07-24 22:38:49,759 - __main__ - INFO - found 2422 patterns
2021-07-24 22:38:49,759 - __main__ - INFO - computing patterns for level : 11
2021-07-24 22:38:51,882 - __main__ - INFO - saving 11 level patterns
2021-07-24 22:38:51,882 - __main__ - INFO - found 3 patterns
2021-07-24 22:38:51,882 - __main__ - INFO - computing patterns for level : 12
2021-07-24 22:38:51,983 - __main__ - INFO - saving 12 level patterns
2021-07-24 22:38:51,983 - __main__ - INFO - found 0 patterns
2021-07-24 22:38:51,983 - __main__ - INFO - computing patterns for level : 13
2021-07-24 22:38:52,101 - __main__ - INFO - saving 13 level patterns
2021-07-24 22:38:52,152 - __main__ - INFO - total time taken: 742.8895814418793
2021-07-24 22:38:52,153 - root - INFO - broadcast size:0
shuffle read:0
shuffle write:0
