2021-07-18 08:53:54,948 - __main__ - INFO - Got the following arguments: ['our_newtest.py', '0.05', '1', '0.9', '8', '../CMineMR-Mapreduce-algorithm-to-extract-coverage-patterns-master/dataset/bmspos.txt', 'varying_mincs_mushroom_0.9_ultrmaxprodummy']
2021-07-18 08:54:00,891 - __main__ - INFO - started mining
2021-07-18 08:54:00,891 - __main__ - INFO - reading transactional data
2021-07-18 08:54:01,176 - __main__ - INFO - transactions size: 8368681
2021-07-18 08:54:01,176 - __main__ - INFO - First level mining
2021-07-18 08:54:03,988 - __main__ - INFO - Got first level patterns : 29  writing to file
2021-07-18 08:54:03,990 - __main__ - INFO - Generating second level candidateset
2021-07-18 08:54:04,290 - __main__ - INFO - saving 2 level patterns
2021-07-18 08:54:04,291 - __main__ - INFO - found 378 patterns
2021-07-18 08:54:04,291 - __main__ - INFO - computing patterns for level : 3
2021-07-18 08:54:05,085 - __main__ - INFO - saving 3 level patterns
2021-07-18 08:54:05,085 - __main__ - INFO - found 3248 patterns
2021-07-18 08:54:05,085 - __main__ - INFO - computing patterns for level : 4
2021-07-18 08:54:10,013 - __main__ - INFO - saving 4 level patterns
2021-07-18 08:54:10,014 - __main__ - INFO - found 20005 patterns
2021-07-18 08:54:10,014 - __main__ - INFO - computing patterns for level : 5
2021-07-18 08:54:30,529 - __main__ - INFO - saving 5 level patterns
2021-07-18 08:54:30,532 - __main__ - INFO - found 93805 patterns
2021-07-18 08:54:30,532 - __main__ - INFO - computing patterns for level : 6
2021-07-18 08:55:56,259 - __main__ - INFO - saving 6 level patterns
2021-07-18 08:55:56,275 - __main__ - INFO - found 345458 patterns
2021-07-18 08:55:56,275 - __main__ - INFO - computing patterns for level : 7
2021-07-18 09:00:57,383 - __main__ - INFO - saving 7 level patterns
2021-07-18 09:00:57,440 - __main__ - INFO - found 1014853 patterns
2021-07-18 09:00:57,440 - __main__ - INFO - computing patterns for level : 8
2021-07-18 09:15:06,191 - __main__ - INFO - saving 8 level patterns
2021-07-18 09:15:06,349 - __main__ - INFO - found 2404946 patterns
2021-07-18 09:15:06,349 - __main__ - INFO - computing patterns for level : 9
2021-07-18 09:26:41,600 - __main__ - INFO - Got the following arguments: ['our_newtest.py', '0.065', '1', '0.9', '8', '../CMineMR-Mapreduce-algorithm-to-extract-coverage-patterns-master/dataset/bmspos.txt', 'varying_mincs_mushroom_0.9_ultrmaxprodummy']
2021-07-18 09:26:47,256 - __main__ - INFO - started mining
2021-07-18 09:26:47,256 - __main__ - INFO - reading transactional data
2021-07-18 09:26:47,525 - __main__ - INFO - transactions size: 8368681
2021-07-18 09:26:47,525 - __main__ - INFO - First level mining
2021-07-18 09:26:50,317 - __main__ - INFO - Got first level patterns : 20  writing to file
2021-07-18 09:26:50,319 - __main__ - INFO - Generating second level candidateset
2021-07-18 09:26:50,513 - __main__ - INFO - saving 2 level patterns
2021-07-18 09:26:50,514 - __main__ - INFO - found 171 patterns
2021-07-18 09:26:50,514 - __main__ - INFO - computing patterns for level : 3
2021-07-18 09:26:51,048 - __main__ - INFO - saving 3 level patterns
2021-07-18 09:26:51,048 - __main__ - INFO - found 968 patterns
2021-07-18 09:26:51,048 - __main__ - INFO - computing patterns for level : 4
2021-07-18 09:26:52,536 - __main__ - INFO - saving 4 level patterns
2021-07-18 09:26:52,536 - __main__ - INFO - found 3856 patterns
2021-07-18 09:26:52,536 - __main__ - INFO - computing patterns for level : 5
2021-07-18 09:26:56,981 - __main__ - INFO - saving 5 level patterns
2021-07-18 09:26:56,982 - __main__ - INFO - found 11420 patterns
2021-07-18 09:26:56,982 - __main__ - INFO - computing patterns for level : 6
2021-07-18 09:27:08,429 - __main__ - INFO - saving 6 level patterns
2021-07-18 09:27:08,430 - __main__ - INFO - found 25699 patterns
2021-07-18 09:27:08,431 - __main__ - INFO - computing patterns for level : 7
2021-07-18 09:27:30,119 - __main__ - INFO - saving 7 level patterns
2021-07-18 09:27:30,123 - __main__ - INFO - found 43277 patterns
2021-07-18 09:27:30,123 - __main__ - INFO - computing patterns for level : 8
2021-07-18 09:28:10,551 - __main__ - INFO - saving 8 level patterns
2021-07-18 09:28:10,557 - __main__ - INFO - found 55034 patterns
2021-07-18 09:28:10,557 - __main__ - INFO - computing patterns for level : 9
2021-07-18 09:29:04,649 - __main__ - INFO - saving 9 level patterns
2021-07-18 09:29:04,656 - __main__ - INFO - found 54033 patterns
2021-07-18 09:29:04,656 - __main__ - INFO - computing patterns for level : 10
2021-07-18 09:29:58,445 - __main__ - INFO - saving 10 level patterns
2021-07-18 09:29:58,452 - __main__ - INFO - found 44616 patterns
2021-07-18 09:29:58,452 - __main__ - INFO - computing patterns for level : 11
2021-07-18 09:30:47,236 - __main__ - INFO - saving 11 level patterns
2021-07-18 09:30:47,242 - __main__ - INFO - found 31827 patterns
2021-07-18 09:30:47,242 - __main__ - INFO - computing patterns for level : 12
2021-07-18 09:31:26,743 - __main__ - INFO - saving 12 level patterns
2021-07-18 09:31:26,747 - __main__ - INFO - found 18510 patterns
2021-07-18 09:31:26,747 - __main__ - INFO - computing patterns for level : 13
2021-07-18 09:31:57,485 - __main__ - INFO - saving 13 level patterns
2021-07-18 09:31:57,488 - __main__ - INFO - found 8411 patterns
2021-07-18 09:31:57,488 - __main__ - INFO - computing patterns for level : 14
2021-07-18 09:32:09,944 - __main__ - INFO - saving 14 level patterns
2021-07-18 09:32:09,945 - __main__ - INFO - found 2831 patterns
2021-07-18 09:32:09,945 - __main__ - INFO - computing patterns for level : 15
2021-07-18 09:32:15,498 - __main__ - INFO - saving 15 level patterns
2021-07-18 09:32:15,498 - __main__ - INFO - found 635 patterns
2021-07-18 09:32:15,498 - __main__ - INFO - computing patterns for level : 16
2021-07-18 09:32:16,991 - __main__ - INFO - saving 16 level patterns
2021-07-18 09:32:16,992 - __main__ - INFO - found 77 patterns
2021-07-18 09:32:16,992 - __main__ - INFO - computing patterns for level : 17
2021-07-18 09:32:17,248 - __main__ - INFO - saving 17 level patterns
2021-07-18 09:32:17,248 - __main__ - INFO - found 0 patterns
2021-07-18 09:32:17,248 - __main__ - INFO - computing patterns for level : 18
2021-07-18 09:32:17,336 - __main__ - INFO - saving 18 level patterns
2021-07-18 09:32:17,373 - __main__ - INFO - total time taken: 330.1172046661377
2021-07-18 09:32:17,374 - root - INFO - broadcast size:2964751
shuffle read:27067614
shuffle write:27061897
