2021-06-09 03:32:58,865 - __main__ - INFO - Got the following arguments: ['our_mine.py', '0.005', '0.3', '0.1', '40', 'k100', 'output_k100']
2021-06-09 03:32:58,865 - __main__ - INFO - started mining
2021-06-09 03:32:58,865 - __main__ - INFO - reading transactional data
2021-06-09 03:33:08,600 - __main__ - INFO - Got the following arguments: ['our_mine.py', '0.005', '0.3', '0.1', '40', 'k100.txt', 'output_k100']
2021-06-09 03:33:08,600 - __main__ - INFO - started mining
2021-06-09 03:33:08,600 - __main__ - INFO - reading transactional data
2021-06-09 03:33:08,770 - __main__ - INFO - First level mining
2021-06-09 03:33:10,788 - __main__ - INFO - Got first level patterns : 156  writing to file
2021-06-09 03:33:10,791 - __main__ - INFO - Generating second level candidateset
2021-06-09 03:33:11,074 - __main__ - INFO - computing non-overlap patterns for level : 2
2021-06-09 03:33:11,835 - __main__ - INFO - saving 2 level patterns
2021-06-09 03:33:11,855 - __main__ - INFO - computing next level candidates
2021-06-09 03:33:11,943 - __main__ - INFO - computing non-overlap patterns for level : 3
2021-06-09 03:33:35,229 - __main__ - INFO - saving 3 level patterns
2021-06-09 03:33:36,129 - __main__ - INFO - computing next level candidates
2021-06-09 03:33:39,050 - __main__ - INFO - computing non-overlap patterns for level : 4
2021-06-09 03:36:28,961 - __main__ - INFO - Got the following arguments: ['our_mine.py', '0.005', '0.3', '0.01', '40', 'k100.txt', 'output_k100']
2021-06-09 03:36:28,961 - __main__ - INFO - started mining
2021-06-09 03:36:28,961 - __main__ - INFO - reading transactional data
2021-06-09 03:36:29,096 - __main__ - INFO - First level mining
2021-06-09 03:36:30,949 - __main__ - INFO - Got first level patterns : 107  writing to file
2021-06-09 03:36:30,950 - __main__ - INFO - Generating second level candidateset
2021-06-09 03:36:31,102 - __main__ - INFO - computing non-overlap patterns for level : 2
2021-06-09 03:36:31,330 - __main__ - INFO - saving 2 level patterns
2021-06-09 03:36:31,331 - __main__ - INFO - computing next level candidates
2021-06-09 03:36:31,332 - __main__ - INFO - computing non-overlap patterns for level : 3
2021-06-09 03:36:31,555 - __main__ - INFO - saving 3 level patterns
2021-06-09 03:36:31,560 - __main__ - INFO - computing next level candidates
2021-06-09 03:40:09,328 - __main__ - INFO - Got the following arguments: ['our_mine.py', '0.005', '0.3', '0.05', '40', 'k100.txt', 'output_k100']
2021-06-09 03:40:09,328 - __main__ - INFO - started mining
2021-06-09 03:40:09,328 - __main__ - INFO - reading transactional data
2021-06-09 03:40:09,463 - __main__ - INFO - First level mining
2021-06-09 03:40:11,496 - __main__ - INFO - Got first level patterns : 150  writing to file
2021-06-09 03:40:11,498 - __main__ - INFO - Generating second level candidateset
2021-06-09 03:40:11,834 - __main__ - INFO - computing non-overlap patterns for level : 2
2021-06-09 03:40:12,386 - __main__ - INFO - saving 2 level patterns
2021-06-09 03:40:12,403 - __main__ - INFO - computing next level candidates
2021-06-09 03:40:12,481 - __main__ - INFO - computing non-overlap patterns for level : 3
2021-06-09 03:40:28,058 - __main__ - INFO - saving 3 level patterns
2021-06-09 03:40:28,802 - __main__ - INFO - computing next level candidates
2021-06-09 03:40:31,169 - __main__ - INFO - computing non-overlap patterns for level : 4
2021-06-09 03:42:38,766 - __main__ - INFO - Got the following arguments: ['our_mine.py', '0.005', '0.3', '0.02', '40', 'k100.txt', 'output_k100']
2021-06-09 03:42:38,766 - __main__ - INFO - started mining
2021-06-09 03:42:38,766 - __main__ - INFO - reading transactional data
2021-06-09 03:42:38,920 - __main__ - INFO - First level mining
2021-06-09 03:42:40,917 - __main__ - INFO - Got first level patterns : 133  writing to file
2021-06-09 03:42:40,919 - __main__ - INFO - Generating second level candidateset
2021-06-09 03:42:41,254 - __main__ - INFO - computing non-overlap patterns for level : 2
2021-06-09 03:42:41,600 - __main__ - INFO - saving 2 level patterns, got : 7062
2021-06-09 03:42:41,612 - __main__ - INFO - computing next level candidates
2021-06-09 03:42:41,654 - __main__ - INFO - computing non-overlap patterns for level : 3
2021-06-09 03:42:46,788 - __main__ - INFO - saving 3 level patterns, got : 132475
2021-06-09 03:42:47,023 - __main__ - INFO - computing next level candidates
2021-06-09 03:42:47,439 - __main__ - INFO - computing non-overlap patterns for level : 4
2021-06-09 03:43:31,260 - __main__ - INFO - saving 4 level patterns, got : 101643
2021-06-09 03:43:31,466 - __main__ - INFO - computing next level candidates
2021-06-09 03:43:31,697 - __main__ - INFO - computing non-overlap patterns for level : 5
2021-06-09 03:43:38,593 - __main__ - INFO - saving 5 level patterns, got : 0
2021-06-09 03:43:38,594 - __main__ - INFO - computing next level candidates
2021-06-09 03:43:38,673 - __main__ - INFO - total time taken: 59.90708303451538
