2021-07-24 22:46:47,169 - __main__ - INFO - Got the following arguments: ['our_newtest.py', '0.04', '1', '0.15', '16', '../CMineMR-Mapreduce-algorithm-to-extract-coverage-patterns-master/dataset/bmspos.txt', 'varying_mincs_bmspos_0.15_ultrmaxprodummy']
2021-07-24 22:46:52,630 - __main__ - INFO - started mining
2021-07-24 22:46:52,630 - __main__ - INFO - reading transactional data
2021-07-24 22:46:52,774 - __main__ - INFO - First level mining
2021-07-24 22:46:55,407 - __main__ - INFO - Got first level patterns : 36  writing to file
2021-07-24 22:46:55,409 - __main__ - INFO - Generating second level candidateset
2021-07-24 22:46:55,746 - __main__ - INFO - saving 2 level patterns
2021-07-24 22:46:55,747 - __main__ - INFO - found 210 patterns
2021-07-24 22:46:55,747 - __main__ - INFO - computing patterns for level : 3
2021-07-24 22:46:56,151 - __main__ - INFO - saving 3 level patterns
2021-07-24 22:46:56,151 - __main__ - INFO - found 26 patterns
2021-07-24 22:46:56,151 - __main__ - INFO - computing patterns for level : 4
2021-07-24 22:46:56,302 - __main__ - INFO - saving 4 level patterns
2021-07-24 22:46:56,302 - __main__ - INFO - found 0 patterns
2021-07-24 22:46:56,302 - __main__ - INFO - computing patterns for level : 5
2021-07-24 22:46:56,447 - __main__ - INFO - saving 5 level patterns
2021-07-24 22:46:56,529 - __main__ - INFO - total time taken: 3.8994781970977783
2021-07-24 22:46:56,530 - root - INFO - broadcast size:0
shuffle read:0
shuffle write:0
