2021-06-18 16:47:09,965 - __main__ - INFO - Got the following arguments: ['our_mine_3.py', '0.045', '1', '0.25', '8', '../CMineMR-Mapreduce-algorithm-to-extract-coverage-patterns-master/dataset/synthetic.txt', 'varying_maxor_0.25_ouralgo']
2021-06-18 16:47:09,965 - __main__ - INFO - started mining
2021-06-18 16:47:09,965 - __main__ - INFO - reading transactional data
2021-06-18 16:47:10,138 - __main__ - INFO - First level mining
2021-06-18 16:47:10,706 - __main__ - INFO - Got first level patterns : 17  writing to file
2021-06-18 16:47:10,707 - __main__ - INFO - Generating second level candidateset
2021-06-18 16:47:10,789 - __main__ - INFO - saving 2 level patterns
2021-06-18 16:47:10,793 - __main__ - INFO - found 136 patterns
2021-06-18 16:47:10,793 - __main__ - INFO - computing patterns for level : 3
2021-06-18 16:47:11,027 - __main__ - INFO - saving 3 level patterns
2021-06-18 16:47:11,044 - __main__ - INFO - found 676 patterns
2021-06-18 16:47:11,044 - __main__ - INFO - computing patterns for level : 4
2021-06-18 16:47:11,480 - __main__ - INFO - saving 4 level patterns
2021-06-18 16:47:11,528 - __main__ - INFO - found 2230 patterns
2021-06-18 16:47:11,528 - __main__ - INFO - computing patterns for level : 5
2021-06-18 16:47:12,564 - __main__ - INFO - saving 5 level patterns
2021-06-18 16:47:12,710 - __main__ - INFO - found 4438 patterns
2021-06-18 16:47:12,710 - __main__ - INFO - computing patterns for level : 6
2021-06-18 16:47:14,748 - __main__ - INFO - saving 6 level patterns
2021-06-18 16:47:14,958 - __main__ - INFO - found 4554 patterns
2021-06-18 16:47:14,958 - __main__ - INFO - computing patterns for level : 7
2021-06-18 16:47:17,300 - __main__ - INFO - saving 7 level patterns
2021-06-18 16:47:17,373 - __main__ - INFO - found 1054 patterns
2021-06-18 16:47:17,373 - __main__ - INFO - computing patterns for level : 8
2021-06-18 16:47:18,109 - __main__ - INFO - saving 8 level patterns
2021-06-18 16:47:18,114 - __main__ - INFO - found 44 patterns
2021-06-18 16:47:18,114 - __main__ - INFO - computing patterns for level : 9
2021-06-18 16:47:18,247 - __main__ - INFO - saving 9 level patterns
2021-06-18 16:47:18,280 - __main__ - INFO - total time taken: 8.315357446670532
