2021-07-15 02:23:21,634 - __main__ - INFO - Got the following arguments: ['our_newtest.py', '0.05', '1', '0.2', '8', '../CMineMR-Mapreduce-algorithm-to-extract-coverage-patterns-master/dataset/mushroom.txt', 'varying_maxor_synthetic_0.2_ultrmaxpro']
2021-07-15 02:23:26,886 - __main__ - INFO - started mining
2021-07-15 02:23:26,887 - __main__ - INFO - reading transactional data
2021-07-15 02:23:26,918 - __main__ - INFO - First level mining
2021-07-15 02:23:28,714 - __main__ - INFO - Got first level patterns : 73  writing to file
2021-07-15 02:23:28,716 - __main__ - INFO - Generating second level candidateset
2021-07-15 02:23:28,971 - __main__ - INFO - saving 2 level patterns
2021-07-15 02:23:28,972 - __main__ - INFO - found 881 patterns
2021-07-15 02:23:28,972 - __main__ - INFO - computing patterns for level : 3
2021-07-15 02:23:29,221 - __main__ - INFO - saving 3 level patterns
2021-07-15 02:23:29,221 - __main__ - INFO - found 3575 patterns
2021-07-15 02:23:29,221 - __main__ - INFO - computing patterns for level : 4
2021-07-15 02:23:29,454 - __main__ - INFO - saving 4 level patterns
2021-07-15 02:23:29,455 - __main__ - INFO - found 6146 patterns
2021-07-15 02:23:29,455 - __main__ - INFO - computing patterns for level : 5
2021-07-15 02:23:29,723 - __main__ - INFO - saving 5 level patterns
2021-07-15 02:23:29,724 - __main__ - INFO - found 5110 patterns
2021-07-15 02:23:29,724 - __main__ - INFO - computing patterns for level : 6
2021-07-15 02:23:30,047 - __main__ - INFO - saving 6 level patterns
2021-07-15 02:23:30,048 - __main__ - INFO - found 2186 patterns
2021-07-15 02:23:30,048 - __main__ - INFO - computing patterns for level : 7
2021-07-15 02:23:30,272 - __main__ - INFO - saving 7 level patterns
2021-07-15 02:23:30,272 - __main__ - INFO - found 480 patterns
2021-07-15 02:23:30,272 - __main__ - INFO - computing patterns for level : 8
2021-07-15 02:23:30,379 - __main__ - INFO - saving 8 level patterns
2021-07-15 02:23:30,379 - __main__ - INFO - found 49 patterns
2021-07-15 02:23:30,379 - __main__ - INFO - computing patterns for level : 9
2021-07-15 02:23:30,483 - __main__ - INFO - saving 9 level patterns
2021-07-15 02:23:30,483 - __main__ - INFO - found 1 patterns
2021-07-15 02:23:30,483 - __main__ - INFO - computing patterns for level : 10
2021-07-15 02:23:30,587 - __main__ - INFO - saving 10 level patterns
2021-07-15 02:23:30,587 - __main__ - INFO - found 0 patterns
2021-07-15 02:23:30,587 - __main__ - INFO - computing patterns for level : 11
2021-07-15 02:23:30,692 - __main__ - INFO - saving 11 level patterns
2021-07-15 02:23:30,700 - __main__ - INFO - total time taken: 3.8135781288146973
