2021-06-18 16:54:16,789 - __main__ - INFO - Got the following arguments: ['our_mine_3.py', '0.0525', '1', '0.3', '8', '../CMineMR-Mapreduce-algorithm-to-extract-coverage-patterns-master/dataset/synthetic.txt', 'varying_minrf_0.0525_ouralgo']
2021-06-18 16:54:16,790 - __main__ - INFO - started mining
2021-06-18 16:54:16,790 - __main__ - INFO - reading transactional data
2021-06-18 16:54:16,950 - __main__ - INFO - First level mining
2021-06-18 16:54:17,505 - __main__ - INFO - Got first level patterns : 8  writing to file
2021-06-18 16:54:17,505 - __main__ - INFO - Generating second level candidateset
2021-06-18 16:54:17,573 - __main__ - INFO - saving 2 level patterns
2021-06-18 16:54:17,576 - __main__ - INFO - found 28 patterns
2021-06-18 16:54:17,576 - __main__ - INFO - computing patterns for level : 3
2021-06-18 16:54:17,709 - __main__ - INFO - saving 3 level patterns
2021-06-18 16:54:17,716 - __main__ - INFO - found 56 patterns
2021-06-18 16:54:17,716 - __main__ - INFO - computing patterns for level : 4
2021-06-18 16:54:17,848 - __main__ - INFO - saving 4 level patterns
2021-06-18 16:54:17,854 - __main__ - INFO - found 70 patterns
2021-06-18 16:54:17,854 - __main__ - INFO - computing patterns for level : 5
2021-06-18 16:54:17,987 - __main__ - INFO - saving 5 level patterns
2021-06-18 16:54:17,992 - __main__ - INFO - found 56 patterns
2021-06-18 16:54:17,992 - __main__ - INFO - computing patterns for level : 6
2021-06-18 16:54:18,123 - __main__ - INFO - saving 6 level patterns
2021-06-18 16:54:18,126 - __main__ - INFO - found 24 patterns
2021-06-18 16:54:18,126 - __main__ - INFO - computing patterns for level : 7
2021-06-18 16:54:18,257 - __main__ - INFO - saving 7 level patterns
2021-06-18 16:54:18,260 - __main__ - INFO - found 1 patterns
2021-06-18 16:54:18,260 - __main__ - INFO - computing patterns for level : 8
2021-06-18 16:54:18,389 - __main__ - INFO - saving 8 level patterns
2021-06-18 16:54:18,423 - __main__ - INFO - total time taken: 1.6334521770477295
