2021-07-27 23:54:10,002 - __main__ - INFO - Got the following arguments: ['our_newtest.py', '0.055', '1', '0.25', '16', '../CMineMR-Mapreduce-algorithm-to-extract-coverage-patterns-master/dataset/synthetic.txt', 'varying_minRF_synthetic_0.055_ultrmaxprodummy']
2021-07-27 23:54:15,782 - __main__ - INFO - started mining
2021-07-27 23:54:15,782 - __main__ - INFO - reading transactional data
2021-07-27 23:54:15,953 - __main__ - INFO - First level mining
2021-07-27 23:54:19,087 - __main__ - INFO - Got first level patterns : 6  writing to file
2021-07-27 23:54:19,088 - __main__ - INFO - Generating second level candidateset
2021-07-27 23:54:19,213 - __main__ - INFO - saving 2 level patterns
2021-07-27 23:54:19,213 - __main__ - INFO - found 15 patterns
2021-07-27 23:54:19,213 - __main__ - INFO - computing patterns for level : 3
2021-07-27 23:54:19,520 - __main__ - INFO - saving 3 level patterns
2021-07-27 23:54:19,521 - __main__ - INFO - found 19 patterns
2021-07-27 23:54:19,521 - __main__ - INFO - computing patterns for level : 4
2021-07-27 23:54:19,765 - __main__ - INFO - saving 4 level patterns
2021-07-27 23:54:19,765 - __main__ - INFO - found 12 patterns
2021-07-27 23:54:19,766 - __main__ - INFO - computing patterns for level : 5
2021-07-27 23:54:20,020 - __main__ - INFO - saving 5 level patterns
2021-07-27 23:54:20,020 - __main__ - INFO - found 3 patterns
2021-07-27 23:54:20,020 - __main__ - INFO - computing patterns for level : 6
2021-07-27 23:54:20,148 - __main__ - INFO - saving 6 level patterns
2021-07-27 23:54:20,148 - __main__ - INFO - found 0 patterns
2021-07-27 23:54:20,148 - __main__ - INFO - computing patterns for level : 7
2021-07-27 23:54:20,309 - __main__ - INFO - saving 7 level patterns
2021-07-27 23:54:20,389 - __main__ - INFO - total time taken: 4.6068501472473145
2021-07-27 23:54:20,390 - root - INFO - broadcast size:0
shuffle read:0
shuffle write:0
