2021-07-15 02:41:04,871 - __main__ - INFO - Got the following arguments: ['our_newtest.py', '0.0575', '1', '0.3', '8', '../CMineMR-Mapreduce-algorithm-to-extract-coverage-patterns-master/dataset/synthetic.txt', 'varying_minrf_synthetic_0.0575_ultrmaxpro']
2021-07-15 02:41:10,641 - __main__ - INFO - started mining
2021-07-15 02:41:10,641 - __main__ - INFO - reading transactional data
2021-07-15 02:41:10,806 - __main__ - INFO - First level mining
2021-07-15 02:41:14,004 - __main__ - INFO - Got first level patterns : 6  writing to file
2021-07-15 02:41:14,006 - __main__ - INFO - Generating second level candidateset
2021-07-15 02:41:14,122 - __main__ - INFO - saving 2 level patterns
2021-07-15 02:41:14,122 - __main__ - INFO - found 15 patterns
2021-07-15 02:41:14,122 - __main__ - INFO - computing patterns for level : 3
2021-07-15 02:41:14,420 - __main__ - INFO - saving 3 level patterns
2021-07-15 02:41:14,420 - __main__ - INFO - found 20 patterns
2021-07-15 02:41:14,420 - __main__ - INFO - computing patterns for level : 4
2021-07-15 02:41:14,648 - __main__ - INFO - saving 4 level patterns
2021-07-15 02:41:14,648 - __main__ - INFO - found 15 patterns
2021-07-15 02:41:14,648 - __main__ - INFO - computing patterns for level : 5
2021-07-15 02:41:14,794 - __main__ - INFO - saving 5 level patterns
2021-07-15 02:41:14,795 - __main__ - INFO - found 6 patterns
2021-07-15 02:41:14,795 - __main__ - INFO - computing patterns for level : 6
2021-07-15 02:41:14,950 - __main__ - INFO - saving 6 level patterns
2021-07-15 02:41:14,951 - __main__ - INFO - found 1 patterns
2021-07-15 02:41:14,951 - __main__ - INFO - computing patterns for level : 7
2021-07-15 02:41:15,100 - __main__ - INFO - saving 7 level patterns
2021-07-15 02:41:15,100 - __main__ - INFO - found 0 patterns
2021-07-15 02:41:15,100 - __main__ - INFO - computing patterns for level : 8
2021-07-15 02:41:15,296 - __main__ - INFO - saving 8 level patterns
2021-07-15 02:41:15,460 - __main__ - INFO - total time taken: 4.8186187744140625
