2021-07-24 22:47:08,044 - __main__ - INFO - Got the following arguments: ['our_newtest.py', '0.04', '1', '0.45', '16', '../CMineMR-Mapreduce-algorithm-to-extract-coverage-patterns-master/dataset/bmspos.txt', 'varying_mincs_bmspos_0.45_ultrmaxprodummy']
2021-07-24 22:47:13,484 - __main__ - INFO - started mining
2021-07-24 22:47:13,485 - __main__ - INFO - reading transactional data
2021-07-24 22:47:13,634 - __main__ - INFO - First level mining
2021-07-24 22:47:16,381 - __main__ - INFO - Got first level patterns : 36  writing to file
2021-07-24 22:47:16,382 - __main__ - INFO - Generating second level candidateset
2021-07-24 22:47:16,720 - __main__ - INFO - saving 2 level patterns
2021-07-24 22:47:16,721 - __main__ - INFO - found 547 patterns
2021-07-24 22:47:16,721 - __main__ - INFO - computing patterns for level : 3
2021-07-24 22:47:17,584 - __main__ - INFO - saving 3 level patterns
2021-07-24 22:47:17,584 - __main__ - INFO - found 4922 patterns
2021-07-24 22:47:17,584 - __main__ - INFO - computing patterns for level : 4
2021-07-24 22:47:20,151 - __main__ - INFO - saving 4 level patterns
2021-07-24 22:47:20,152 - __main__ - INFO - found 26721 patterns
2021-07-24 22:47:20,152 - __main__ - INFO - computing patterns for level : 5
2021-07-24 22:47:30,783 - __main__ - INFO - saving 5 level patterns
2021-07-24 22:47:30,787 - __main__ - INFO - found 92233 patterns
2021-07-24 22:47:30,787 - __main__ - INFO - computing patterns for level : 6
2021-07-24 22:48:04,124 - __main__ - INFO - saving 6 level patterns
2021-07-24 22:48:04,135 - __main__ - INFO - found 174590 patterns
2021-07-24 22:48:04,135 - __main__ - INFO - computing patterns for level : 7
2021-07-24 22:48:45,992 - __main__ - INFO - saving 7 level patterns
2021-07-24 22:48:46,006 - __main__ - INFO - found 126191 patterns
2021-07-24 22:48:46,006 - __main__ - INFO - computing patterns for level : 8
2021-07-24 22:49:16,673 - __main__ - INFO - saving 8 level patterns
2021-07-24 22:49:16,679 - __main__ - INFO - found 20375 patterns
2021-07-24 22:49:16,679 - __main__ - INFO - computing patterns for level : 9
2021-07-24 22:49:23,551 - __main__ - INFO - saving 9 level patterns
2021-07-24 22:49:23,552 - __main__ - INFO - found 374 patterns
2021-07-24 22:49:23,552 - __main__ - INFO - computing patterns for level : 10
2021-07-24 22:49:23,813 - __main__ - INFO - saving 10 level patterns
2021-07-24 22:49:23,813 - __main__ - INFO - found 0 patterns
2021-07-24 22:49:23,813 - __main__ - INFO - computing patterns for level : 11
2021-07-24 22:49:23,897 - __main__ - INFO - saving 11 level patterns
2021-07-24 22:49:23,931 - __main__ - INFO - total time taken: 130.4468069076538
2021-07-24 22:49:23,932 - root - INFO - broadcast size:0
shuffle read:0
shuffle write:0
