2021-07-15 02:23:44,979 - __main__ - INFO - Got the following arguments: ['our_newtest.py', '0.05', '1', '0.5', '8', '../CMineMR-Mapreduce-algorithm-to-extract-coverage-patterns-master/dataset/mushroom.txt', 'varying_maxor_synthetic_0.5_ultrmaxpro']
2021-07-15 02:23:50,938 - __main__ - INFO - started mining
2021-07-15 02:23:50,938 - __main__ - INFO - reading transactional data
2021-07-15 02:23:50,964 - __main__ - INFO - First level mining
2021-07-15 02:23:53,170 - __main__ - INFO - Got first level patterns : 73  writing to file
2021-07-15 02:23:53,171 - __main__ - INFO - Generating second level candidateset
2021-07-15 02:23:53,493 - __main__ - INFO - saving 2 level patterns
2021-07-15 02:23:53,493 - __main__ - INFO - found 1661 patterns
2021-07-15 02:23:53,493 - __main__ - INFO - computing patterns for level : 3
2021-07-15 02:23:54,423 - __main__ - INFO - saving 3 level patterns
2021-07-15 02:23:54,424 - __main__ - INFO - found 17420 patterns
2021-07-15 02:23:54,424 - __main__ - INFO - computing patterns for level : 4
2021-07-15 02:23:56,981 - __main__ - INFO - saving 4 level patterns
2021-07-15 02:23:56,984 - __main__ - INFO - found 95617 patterns
2021-07-15 02:23:56,984 - __main__ - INFO - computing patterns for level : 5
2021-07-15 02:24:04,223 - __main__ - INFO - saving 5 level patterns
2021-07-15 02:24:04,239 - __main__ - INFO - found 305318 patterns
2021-07-15 02:24:04,240 - __main__ - INFO - computing patterns for level : 6
2021-07-15 02:24:22,983 - __main__ - INFO - saving 6 level patterns
2021-07-15 02:24:23,030 - __main__ - INFO - found 603757 patterns
2021-07-15 02:24:23,030 - __main__ - INFO - computing patterns for level : 7
2021-07-15 02:24:56,169 - __main__ - INFO - saving 7 level patterns
2021-07-15 02:24:56,271 - __main__ - INFO - found 764781 patterns
2021-07-15 02:24:56,271 - __main__ - INFO - computing patterns for level : 8
2021-07-15 02:25:37,063 - __main__ - INFO - saving 8 level patterns
2021-07-15 02:25:37,172 - __main__ - INFO - found 631725 patterns
2021-07-15 02:25:37,173 - __main__ - INFO - computing patterns for level : 9
2021-07-15 02:26:13,240 - __main__ - INFO - saving 9 level patterns
2021-07-15 02:26:13,309 - __main__ - INFO - found 344549 patterns
2021-07-15 02:26:13,309 - __main__ - INFO - computing patterns for level : 10
2021-07-15 02:26:34,368 - __main__ - INFO - saving 10 level patterns
2021-07-15 02:26:34,402 - __main__ - INFO - found 124228 patterns
2021-07-15 02:26:34,402 - __main__ - INFO - computing patterns for level : 11
2021-07-15 02:26:42,800 - __main__ - INFO - saving 11 level patterns
2021-07-15 02:26:42,812 - __main__ - INFO - found 28934 patterns
2021-07-15 02:26:42,812 - __main__ - INFO - computing patterns for level : 12
2021-07-15 02:26:45,064 - __main__ - INFO - saving 12 level patterns
2021-07-15 02:26:45,066 - __main__ - INFO - found 3996 patterns
2021-07-15 02:26:45,066 - __main__ - INFO - computing patterns for level : 13
2021-07-15 02:26:45,502 - __main__ - INFO - saving 13 level patterns
2021-07-15 02:26:45,502 - __main__ - INFO - found 261 patterns
2021-07-15 02:26:45,502 - __main__ - INFO - computing patterns for level : 14
2021-07-15 02:26:45,606 - __main__ - INFO - saving 14 level patterns
2021-07-15 02:26:45,606 - __main__ - INFO - found 5 patterns
2021-07-15 02:26:45,606 - __main__ - INFO - computing patterns for level : 15
2021-07-15 02:26:45,713 - __main__ - INFO - saving 15 level patterns
2021-07-15 02:26:45,713 - __main__ - INFO - found 0 patterns
2021-07-15 02:26:45,713 - __main__ - INFO - computing patterns for level : 16
2021-07-15 02:26:45,816 - __main__ - INFO - saving 16 level patterns
2021-07-15 02:26:45,824 - __main__ - INFO - total time taken: 174.88649654388428
