2021-07-24 22:25:53,973 - __main__ - INFO - Got the following arguments: ['our_newtest.py', '0.04', '1', '0.2', '16', '../CMineMR-Mapreduce-algorithm-to-extract-coverage-patterns-master/dataset/bmspos.txt', 'varying_mincs_bmspos_0.2_ultrmaxprodummy']
2021-07-24 22:25:59,659 - __main__ - INFO - started mining
2021-07-24 22:25:59,660 - __main__ - INFO - reading transactional data
2021-07-24 22:25:59,805 - __main__ - INFO - First level mining
2021-07-24 22:26:02,723 - __main__ - INFO - Got first level patterns : 36  writing to file
2021-07-24 22:26:02,725 - __main__ - INFO - Generating second level candidateset
2021-07-24 22:26:03,072 - __main__ - INFO - saving 2 level patterns
2021-07-24 22:26:03,072 - __main__ - INFO - found 331 patterns
2021-07-24 22:26:03,073 - __main__ - INFO - computing patterns for level : 3
2021-07-24 22:26:03,712 - __main__ - INFO - saving 3 level patterns
2021-07-24 22:26:03,712 - __main__ - INFO - found 677 patterns
2021-07-24 22:26:03,712 - __main__ - INFO - computing patterns for level : 4
2021-07-24 22:26:03,945 - __main__ - INFO - saving 4 level patterns
2021-07-24 22:26:03,945 - __main__ - INFO - found 5 patterns
2021-07-24 22:26:03,946 - __main__ - INFO - computing patterns for level : 5
2021-07-24 22:26:04,057 - __main__ - INFO - saving 5 level patterns
2021-07-24 22:26:04,057 - __main__ - INFO - found 0 patterns
2021-07-24 22:26:04,057 - __main__ - INFO - computing patterns for level : 6
2021-07-24 22:26:04,207 - __main__ - INFO - saving 6 level patterns
2021-07-24 22:26:04,269 - __main__ - INFO - total time taken: 4.609317779541016
2021-07-24 22:26:04,269 - root - INFO - broadcast size:0
shuffle read:0
shuffle write:0
