2021-07-16 12:05:25,467 - __main__ - INFO - Got the following arguments: ['our_newtest.py', '0.065', '1', '0.8', '8', '../CMineMR-Mapreduce-algorithm-to-extract-coverage-patterns-master/dataset/bmspos.txt', 'varying_mincs_mushroom_0.8_ultrmaxpro']
2021-07-16 12:05:31,288 - __main__ - INFO - started mining
2021-07-16 12:05:31,289 - __main__ - INFO - reading transactional data
2021-07-16 12:05:31,427 - __main__ - INFO - First level mining
2021-07-16 12:05:34,540 - __main__ - INFO - Got first level patterns : 20  writing to file
2021-07-16 12:05:34,541 - __main__ - INFO - Generating second level candidateset
2021-07-16 12:05:34,775 - __main__ - INFO - saving 2 level patterns
2021-07-16 12:05:34,775 - __main__ - INFO - found 162 patterns
2021-07-16 12:05:34,775 - __main__ - INFO - computing patterns for level : 3
2021-07-16 12:05:35,371 - __main__ - INFO - saving 3 level patterns
2021-07-16 12:05:35,371 - __main__ - INFO - found 823 patterns
2021-07-16 12:05:35,371 - __main__ - INFO - computing patterns for level : 4
2021-07-16 12:05:36,483 - __main__ - INFO - saving 4 level patterns
2021-07-16 12:05:36,483 - __main__ - INFO - found 3062 patterns
2021-07-16 12:05:36,483 - __main__ - INFO - computing patterns for level : 5
2021-07-16 12:05:40,637 - __main__ - INFO - saving 5 level patterns
2021-07-16 12:05:40,638 - __main__ - INFO - found 8543 patterns
2021-07-16 12:05:40,638 - __main__ - INFO - computing patterns for level : 6
2021-07-16 12:05:50,187 - __main__ - INFO - saving 6 level patterns
2021-07-16 12:05:50,189 - __main__ - INFO - found 18130 patterns
2021-07-16 12:05:50,189 - __main__ - INFO - computing patterns for level : 7
2021-07-16 12:06:08,293 - __main__ - INFO - saving 7 level patterns
2021-07-16 12:06:08,295 - __main__ - INFO - found 29293 patterns
2021-07-16 12:06:08,295 - __main__ - INFO - computing patterns for level : 8
2021-07-16 12:06:41,686 - __main__ - INFO - saving 8 level patterns
2021-07-16 12:06:41,692 - __main__ - INFO - found 34943 patterns
2021-07-16 12:06:41,692 - __main__ - INFO - computing patterns for level : 9
2021-07-16 12:07:17,293 - __main__ - INFO - saving 9 level patterns
2021-07-16 12:07:17,298 - __main__ - INFO - found 27213 patterns
2021-07-16 12:07:17,298 - __main__ - INFO - computing patterns for level : 10
2021-07-16 12:07:50,484 - __main__ - INFO - saving 10 level patterns
2021-07-16 12:07:50,488 - __main__ - INFO - found 11904 patterns
2021-07-16 12:07:50,488 - __main__ - INFO - computing patterns for level : 11
2021-07-16 12:08:08,400 - __main__ - INFO - saving 11 level patterns
2021-07-16 12:08:08,401 - __main__ - INFO - found 2232 patterns
2021-07-16 12:08:08,401 - __main__ - INFO - computing patterns for level : 12
2021-07-16 12:08:12,186 - __main__ - INFO - saving 12 level patterns
2021-07-16 12:08:12,186 - __main__ - INFO - found 116 patterns
2021-07-16 12:08:12,186 - __main__ - INFO - computing patterns for level : 13
2021-07-16 12:08:12,522 - __main__ - INFO - saving 13 level patterns
2021-07-16 12:08:12,522 - __main__ - INFO - found 0 patterns
2021-07-16 12:08:12,522 - __main__ - INFO - computing patterns for level : 14
2021-07-16 12:08:12,621 - __main__ - INFO - saving 14 level patterns
2021-07-16 12:08:12,663 - __main__ - INFO - total time taken: 161.3747580051422
2021-07-16 12:08:12,664 - root - INFO - broadcast size:2964751
shuffle read:11836834
shuffle write:11831396
