2021-07-15 02:26:19,277 - __main__ - INFO - Got the following arguments: ['our_newtest.py', '0.15', '1', '0.3', '8', '../CMineMR-Mapreduce-algorithm-to-extract-coverage-patterns-master/dataset/mushroom.txt', 'varying_minrf_synthetic_0.15_ultrmaxpro']
2021-07-15 02:26:24,648 - __main__ - INFO - started mining
2021-07-15 02:26:24,649 - __main__ - INFO - reading transactional data
2021-07-15 02:26:24,672 - __main__ - INFO - First level mining
2021-07-15 02:26:26,415 - __main__ - INFO - Got first level patterns : 48  writing to file
2021-07-15 02:26:26,417 - __main__ - INFO - Generating second level candidateset
2021-07-15 02:26:26,602 - __main__ - INFO - saving 2 level patterns
2021-07-15 02:26:26,602 - __main__ - INFO - found 279 patterns
2021-07-15 02:26:26,602 - __main__ - INFO - computing patterns for level : 3
2021-07-15 02:26:26,763 - __main__ - INFO - saving 3 level patterns
2021-07-15 02:26:26,763 - __main__ - INFO - found 249 patterns
2021-07-15 02:26:26,763 - __main__ - INFO - computing patterns for level : 4
2021-07-15 02:26:26,853 - __main__ - INFO - saving 4 level patterns
2021-07-15 02:26:26,853 - __main__ - INFO - found 36 patterns
2021-07-15 02:26:26,853 - __main__ - INFO - computing patterns for level : 5
2021-07-15 02:26:26,954 - __main__ - INFO - saving 5 level patterns
2021-07-15 02:26:26,954 - __main__ - INFO - found 0 patterns
2021-07-15 02:26:26,954 - __main__ - INFO - computing patterns for level : 6
2021-07-15 02:26:27,067 - __main__ - INFO - saving 6 level patterns
2021-07-15 02:26:27,076 - __main__ - INFO - total time taken: 2.427809238433838
2021-07-15 02:37:01,327 - __main__ - INFO - Got the following arguments: ['our_newtest.py', '0.045', '1', '0.15', '8', '../CMineMR-Mapreduce-algorithm-to-extract-coverage-patterns-master/dataset/synthetic.txt', 'varying_minrf_synthetic_0.15_ultrmaxpro']
2021-07-15 02:37:06,825 - __main__ - INFO - started mining
2021-07-15 02:37:06,825 - __main__ - INFO - reading transactional data
2021-07-15 02:37:07,022 - __main__ - INFO - First level mining
2021-07-15 02:37:09,984 - __main__ - INFO - Got first level patterns : 17  writing to file
2021-07-15 02:37:09,986 - __main__ - INFO - Generating second level candidateset
2021-07-15 02:37:10,127 - __main__ - INFO - saving 2 level patterns
2021-07-15 02:37:10,128 - __main__ - INFO - found 132 patterns
2021-07-15 02:37:10,128 - __main__ - INFO - computing patterns for level : 3
2021-07-15 02:37:10,521 - __main__ - INFO - saving 3 level patterns
2021-07-15 02:37:10,521 - __main__ - INFO - found 558 patterns
2021-07-15 02:37:10,521 - __main__ - INFO - computing patterns for level : 4
2021-07-15 02:37:10,890 - __main__ - INFO - saving 4 level patterns
2021-07-15 02:37:10,891 - __main__ - INFO - found 882 patterns
2021-07-15 02:37:10,891 - __main__ - INFO - computing patterns for level : 5
2021-07-15 02:37:11,247 - __main__ - INFO - saving 5 level patterns
2021-07-15 02:37:11,247 - __main__ - INFO - found 274 patterns
2021-07-15 02:37:11,247 - __main__ - INFO - computing patterns for level : 6
2021-07-15 02:37:11,502 - __main__ - INFO - saving 6 level patterns
2021-07-15 02:37:11,502 - __main__ - INFO - found 0 patterns
2021-07-15 02:37:11,502 - __main__ - INFO - computing patterns for level : 7
2021-07-15 02:37:11,628 - __main__ - INFO - saving 7 level patterns
2021-07-15 02:37:11,719 - __main__ - INFO - total time taken: 4.89416241645813
