2021-07-15 02:31:28,465 - __main__ - INFO - Got the following arguments: ['our_newtest.py', '0.065', '1', '0.6', '8', '../CMineMR-Mapreduce-algorithm-to-extract-coverage-patterns-master/dataset/bmspos.txt', 'varying_minrf_synthetic_0.6_ultrmaxpro']
2021-07-15 02:31:34,122 - __main__ - INFO - started mining
2021-07-15 02:31:34,123 - __main__ - INFO - reading transactional data
2021-07-15 02:31:34,247 - __main__ - INFO - First level mining
2021-07-15 02:31:37,011 - __main__ - INFO - Got first level patterns : 20  writing to file
2021-07-15 02:31:37,012 - __main__ - INFO - Generating second level candidateset
2021-07-15 02:31:37,232 - __main__ - INFO - saving 2 level patterns
2021-07-15 02:31:37,233 - __main__ - INFO - found 153 patterns
2021-07-15 02:31:37,233 - __main__ - INFO - computing patterns for level : 3
2021-07-15 02:31:37,768 - __main__ - INFO - saving 3 level patterns
2021-07-15 02:31:37,768 - __main__ - INFO - found 790 patterns
2021-07-15 02:31:37,768 - __main__ - INFO - computing patterns for level : 4
2021-07-15 02:31:38,683 - __main__ - INFO - saving 4 level patterns
2021-07-15 02:31:38,684 - __main__ - INFO - found 2433 patterns
2021-07-15 02:31:38,684 - __main__ - INFO - computing patterns for level : 5
2021-07-15 02:31:40,517 - __main__ - INFO - saving 5 level patterns
2021-07-15 02:31:40,517 - __main__ - INFO - found 3378 patterns
2021-07-15 02:31:40,517 - __main__ - INFO - computing patterns for level : 6
2021-07-15 02:31:43,059 - __main__ - INFO - saving 6 level patterns
2021-07-15 02:31:43,059 - __main__ - INFO - found 1817 patterns
2021-07-15 02:31:43,060 - __main__ - INFO - computing patterns for level : 7
2021-07-15 02:31:44,756 - __main__ - INFO - saving 7 level patterns
2021-07-15 02:31:44,757 - __main__ - INFO - found 393 patterns
2021-07-15 02:31:44,757 - __main__ - INFO - computing patterns for level : 8
2021-07-15 02:31:45,289 - __main__ - INFO - saving 8 level patterns
2021-07-15 02:31:45,289 - __main__ - INFO - found 1 patterns
2021-07-15 02:31:45,289 - __main__ - INFO - computing patterns for level : 9
2021-07-15 02:31:45,406 - __main__ - INFO - saving 9 level patterns
2021-07-15 02:31:45,407 - __main__ - INFO - found 0 patterns
2021-07-15 02:31:45,407 - __main__ - INFO - computing patterns for level : 10
2021-07-15 02:31:45,536 - __main__ - INFO - saving 10 level patterns
2021-07-15 02:31:45,577 - __main__ - INFO - total time taken: 11.454230546951294
