2021-07-28 02:03:12,150 - __main__ - INFO - Got the following arguments: ['our_newtest.py', '0.16', '1', '0.35', '16', '../CMineMR-Mapreduce-algorithm-to-extract-coverage-patterns-master/dataset/mushroom.txt', 'varying_minRF_synthetic_0.16_ultrmaxprodummy']
2021-07-28 02:03:17,972 - __main__ - INFO - started mining
2021-07-28 02:03:17,972 - __main__ - INFO - reading transactional data
2021-07-28 02:03:17,999 - __main__ - INFO - First level mining
2021-07-28 02:03:20,101 - __main__ - INFO - Got first level patterns : 46  writing to file
2021-07-28 02:03:20,103 - __main__ - INFO - Generating second level candidateset
2021-07-28 02:03:20,318 - __main__ - INFO - saving 2 level patterns
2021-07-28 02:03:20,318 - __main__ - INFO - found 292 patterns
2021-07-28 02:03:20,318 - __main__ - INFO - computing patterns for level : 3
2021-07-28 02:03:20,490 - __main__ - INFO - saving 3 level patterns
2021-07-28 02:03:20,490 - __main__ - INFO - found 298 patterns
2021-07-28 02:03:20,490 - __main__ - INFO - computing patterns for level : 4
2021-07-28 02:03:20,637 - __main__ - INFO - saving 4 level patterns
2021-07-28 02:03:20,637 - __main__ - INFO - found 56 patterns
2021-07-28 02:03:20,637 - __main__ - INFO - computing patterns for level : 5
2021-07-28 02:03:20,768 - __main__ - INFO - saving 5 level patterns
2021-07-28 02:03:20,768 - __main__ - INFO - found 1 patterns
2021-07-28 02:03:20,768 - __main__ - INFO - computing patterns for level : 6
2021-07-28 02:03:20,917 - __main__ - INFO - saving 6 level patterns
2021-07-28 02:03:20,917 - __main__ - INFO - found 0 patterns
2021-07-28 02:03:20,917 - __main__ - INFO - computing patterns for level : 7
2021-07-28 02:03:21,049 - __main__ - INFO - saving 7 level patterns
2021-07-28 02:03:21,059 - __main__ - INFO - total time taken: 3.086843252182007
2021-07-28 02:03:21,059 - root - INFO - broadcast size:0
shuffle read:0
shuffle write:0
