2021-07-15 02:23:07,347 - __main__ - INFO - Got the following arguments: ['our_newtest.py', '0.05', '1', '0.1', '8', '../CMineMR-Mapreduce-algorithm-to-extract-coverage-patterns-master/dataset/mushroom.txt', 'varying_maxor_synthetic_0.1_ultrmaxpro']
2021-07-15 02:23:12,795 - __main__ - INFO - started mining
2021-07-15 02:23:12,795 - __main__ - INFO - reading transactional data
2021-07-15 02:23:12,819 - __main__ - INFO - First level mining
2021-07-15 02:23:14,596 - __main__ - INFO - Got first level patterns : 73  writing to file
2021-07-15 02:23:14,597 - __main__ - INFO - Generating second level candidateset
2021-07-15 02:23:14,855 - __main__ - INFO - saving 2 level patterns
2021-07-15 02:23:14,855 - __main__ - INFO - found 719 patterns
2021-07-15 02:23:14,855 - __main__ - INFO - computing patterns for level : 3
2021-07-15 02:23:15,014 - __main__ - INFO - saving 3 level patterns
2021-07-15 02:23:15,015 - __main__ - INFO - found 2475 patterns
2021-07-15 02:23:15,015 - __main__ - INFO - computing patterns for level : 4
2021-07-15 02:23:15,187 - __main__ - INFO - saving 4 level patterns
2021-07-15 02:23:15,187 - __main__ - INFO - found 3851 patterns
2021-07-15 02:23:15,187 - __main__ - INFO - computing patterns for level : 5
2021-07-15 02:23:15,424 - __main__ - INFO - saving 5 level patterns
2021-07-15 02:23:15,424 - __main__ - INFO - found 3008 patterns
2021-07-15 02:23:15,424 - __main__ - INFO - computing patterns for level : 6
2021-07-15 02:23:15,671 - __main__ - INFO - saving 6 level patterns
2021-07-15 02:23:15,672 - __main__ - INFO - found 1267 patterns
2021-07-15 02:23:15,672 - __main__ - INFO - computing patterns for level : 7
2021-07-15 02:23:15,827 - __main__ - INFO - saving 7 level patterns
2021-07-15 02:23:15,828 - __main__ - INFO - found 282 patterns
2021-07-15 02:23:15,828 - __main__ - INFO - computing patterns for level : 8
2021-07-15 02:23:15,946 - __main__ - INFO - saving 8 level patterns
2021-07-15 02:23:15,947 - __main__ - INFO - found 31 patterns
2021-07-15 02:23:15,947 - __main__ - INFO - computing patterns for level : 9
2021-07-15 02:23:16,056 - __main__ - INFO - saving 9 level patterns
2021-07-15 02:23:16,057 - __main__ - INFO - found 1 patterns
2021-07-15 02:23:16,057 - __main__ - INFO - computing patterns for level : 10
2021-07-15 02:23:16,164 - __main__ - INFO - saving 10 level patterns
2021-07-15 02:23:16,164 - __main__ - INFO - found 0 patterns
2021-07-15 02:23:16,165 - __main__ - INFO - computing patterns for level : 11
2021-07-15 02:23:16,268 - __main__ - INFO - saving 11 level patterns
2021-07-15 02:23:16,275 - __main__ - INFO - total time taken: 3.4800307750701904
