2021-07-16 12:05:25,061 - __main__ - INFO - Got the following arguments: ['our_newtest.py', '0.065', '1', '0.6', '8', '../CMineMR-Mapreduce-algorithm-to-extract-coverage-patterns-master/dataset/bmspos.txt', 'varying_mincs_mushroom_0.6_ultrmaxpro']
2021-07-16 12:05:31,299 - __main__ - INFO - started mining
2021-07-16 12:05:31,299 - __main__ - INFO - reading transactional data
2021-07-16 12:05:31,442 - __main__ - INFO - First level mining
2021-07-16 12:05:34,744 - __main__ - INFO - Got first level patterns : 20  writing to file
2021-07-16 12:05:34,747 - __main__ - INFO - Generating second level candidateset
2021-07-16 12:05:34,988 - __main__ - INFO - saving 2 level patterns
2021-07-16 12:05:34,988 - __main__ - INFO - found 153 patterns
2021-07-16 12:05:34,988 - __main__ - INFO - computing patterns for level : 3
2021-07-16 12:05:35,617 - __main__ - INFO - saving 3 level patterns
2021-07-16 12:05:35,617 - __main__ - INFO - found 790 patterns
2021-07-16 12:05:35,617 - __main__ - INFO - computing patterns for level : 4
2021-07-16 12:05:36,586 - __main__ - INFO - saving 4 level patterns
2021-07-16 12:05:36,586 - __main__ - INFO - found 2433 patterns
2021-07-16 12:05:36,587 - __main__ - INFO - computing patterns for level : 5
2021-07-16 12:05:38,932 - __main__ - INFO - saving 5 level patterns
2021-07-16 12:05:38,933 - __main__ - INFO - found 3378 patterns
2021-07-16 12:05:38,933 - __main__ - INFO - computing patterns for level : 6
2021-07-16 12:05:41,764 - __main__ - INFO - saving 6 level patterns
2021-07-16 12:05:41,765 - __main__ - INFO - found 1817 patterns
2021-07-16 12:05:41,765 - __main__ - INFO - computing patterns for level : 7
2021-07-16 12:05:43,440 - __main__ - INFO - saving 7 level patterns
2021-07-16 12:05:43,440 - __main__ - INFO - found 393 patterns
2021-07-16 12:05:43,440 - __main__ - INFO - computing patterns for level : 8
2021-07-16 12:05:43,968 - __main__ - INFO - saving 8 level patterns
2021-07-16 12:05:43,968 - __main__ - INFO - found 1 patterns
2021-07-16 12:05:43,968 - __main__ - INFO - computing patterns for level : 9
2021-07-16 12:05:44,110 - __main__ - INFO - saving 9 level patterns
2021-07-16 12:05:44,110 - __main__ - INFO - found 0 patterns
2021-07-16 12:05:44,110 - __main__ - INFO - computing patterns for level : 10
2021-07-16 12:05:44,305 - __main__ - INFO - saving 10 level patterns
2021-07-16 12:05:44,357 - __main__ - INFO - total time taken: 13.058776378631592
2021-07-16 12:05:44,358 - root - INFO - broadcast size:2964751
shuffle read:711586
shuffle write:706429
