2021-07-15 02:31:15,372 - __main__ - INFO - Got the following arguments: ['our_newtest.py', '0.065', '1', '0.3', '8', '../CMineMR-Mapreduce-algorithm-to-extract-coverage-patterns-master/dataset/bmspos.txt', 'varying_minrf_synthetic_0.3_ultrmaxpro']
2021-07-15 02:31:20,789 - __main__ - INFO - started mining
2021-07-15 02:31:20,790 - __main__ - INFO - reading transactional data
2021-07-15 02:31:20,943 - __main__ - INFO - First level mining
2021-07-15 02:31:23,328 - __main__ - INFO - Got first level patterns : 20  writing to file
2021-07-15 02:31:23,329 - __main__ - INFO - Generating second level candidateset
2021-07-15 02:31:23,535 - __main__ - INFO - saving 2 level patterns
2021-07-15 02:31:23,536 - __main__ - INFO - found 92 patterns
2021-07-15 02:31:23,536 - __main__ - INFO - computing patterns for level : 3
2021-07-15 02:31:23,939 - __main__ - INFO - saving 3 level patterns
2021-07-15 02:31:23,939 - __main__ - INFO - found 87 patterns
2021-07-15 02:31:23,939 - __main__ - INFO - computing patterns for level : 4
2021-07-15 02:31:24,062 - __main__ - INFO - saving 4 level patterns
2021-07-15 02:31:24,062 - __main__ - INFO - found 0 patterns
2021-07-15 02:31:24,062 - __main__ - INFO - computing patterns for level : 5
2021-07-15 02:31:24,165 - __main__ - INFO - saving 5 level patterns
2021-07-15 02:31:24,225 - __main__ - INFO - total time taken: 3.4359800815582275
2021-07-15 02:37:16,157 - __main__ - INFO - Got the following arguments: ['our_newtest.py', '0.045', '1', '0.3', '8', '../CMineMR-Mapreduce-algorithm-to-extract-coverage-patterns-master/dataset/synthetic.txt', 'varying_minrf_synthetic_0.3_ultrmaxpro']
2021-07-15 02:37:23,515 - __main__ - INFO - started mining
2021-07-15 02:37:23,515 - __main__ - INFO - reading transactional data
2021-07-15 02:37:23,683 - __main__ - INFO - First level mining
2021-07-15 02:37:26,604 - __main__ - INFO - Got first level patterns : 17  writing to file
2021-07-15 02:37:26,605 - __main__ - INFO - Generating second level candidateset
2021-07-15 02:37:26,746 - __main__ - INFO - saving 2 level patterns
2021-07-15 02:37:26,746 - __main__ - INFO - found 136 patterns
2021-07-15 02:37:26,746 - __main__ - INFO - computing patterns for level : 3
2021-07-15 02:37:27,169 - __main__ - INFO - saving 3 level patterns
2021-07-15 02:37:27,169 - __main__ - INFO - found 680 patterns
2021-07-15 02:37:27,169 - __main__ - INFO - computing patterns for level : 4
2021-07-15 02:37:27,615 - __main__ - INFO - saving 4 level patterns
2021-07-15 02:37:27,616 - __main__ - INFO - found 2345 patterns
2021-07-15 02:37:27,616 - __main__ - INFO - computing patterns for level : 5
2021-07-15 02:37:28,945 - __main__ - INFO - saving 5 level patterns
2021-07-15 02:37:28,946 - __main__ - INFO - found 5721 patterns
2021-07-15 02:37:28,946 - __main__ - INFO - computing patterns for level : 6
2021-07-15 02:37:32,096 - __main__ - INFO - saving 6 level patterns
2021-07-15 02:37:32,097 - __main__ - INFO - found 8972 patterns
2021-07-15 02:37:32,097 - __main__ - INFO - computing patterns for level : 7
2021-07-15 02:37:36,278 - __main__ - INFO - saving 7 level patterns
2021-07-15 02:37:36,280 - __main__ - INFO - found 7712 patterns
2021-07-15 02:37:36,280 - __main__ - INFO - computing patterns for level : 8
2021-07-15 02:37:40,105 - __main__ - INFO - saving 8 level patterns
2021-07-15 02:37:40,105 - __main__ - INFO - found 2164 patterns
2021-07-15 02:37:40,106 - __main__ - INFO - computing patterns for level : 9
2021-07-15 02:37:41,787 - __main__ - INFO - saving 9 level patterns
2021-07-15 02:37:41,787 - __main__ - INFO - found 48 patterns
2021-07-15 02:37:41,787 - __main__ - INFO - computing patterns for level : 10
2021-07-15 02:37:41,946 - __main__ - INFO - saving 10 level patterns
2021-07-15 02:37:41,946 - __main__ - INFO - found 0 patterns
2021-07-15 02:37:41,946 - __main__ - INFO - computing patterns for level : 11
2021-07-15 02:37:42,073 - __main__ - INFO - saving 11 level patterns
2021-07-15 02:37:42,128 - __main__ - INFO - total time taken: 18.613215446472168
