2021-07-15 02:29:34,640 - __main__ - INFO - Got the following arguments: ['our_newtest.py', '0.075', '1', '0.6', '8', '../CMineMR-Mapreduce-algorithm-to-extract-coverage-patterns-master/dataset/bmspos.txt', 'varying_minrf_synthetic_0.075_ultrmaxpro']
2021-07-15 02:29:40,535 - __main__ - INFO - started mining
2021-07-15 02:29:40,536 - __main__ - INFO - reading transactional data
2021-07-15 02:29:40,704 - __main__ - INFO - First level mining
2021-07-15 02:29:43,621 - __main__ - INFO - Got first level patterns : 18  writing to file
2021-07-15 02:29:43,622 - __main__ - INFO - Generating second level candidateset
2021-07-15 02:29:43,847 - __main__ - INFO - saving 2 level patterns
2021-07-15 02:29:43,848 - __main__ - INFO - found 120 patterns
2021-07-15 02:29:43,848 - __main__ - INFO - computing patterns for level : 3
2021-07-15 02:29:44,354 - __main__ - INFO - saving 3 level patterns
2021-07-15 02:29:44,354 - __main__ - INFO - found 537 patterns
2021-07-15 02:29:44,354 - __main__ - INFO - computing patterns for level : 4
2021-07-15 02:29:45,117 - __main__ - INFO - saving 4 level patterns
2021-07-15 02:29:45,117 - __main__ - INFO - found 1429 patterns
2021-07-15 02:29:45,117 - __main__ - INFO - computing patterns for level : 5
2021-07-15 02:29:46,483 - __main__ - INFO - saving 5 level patterns
2021-07-15 02:29:46,484 - __main__ - INFO - found 1502 patterns
2021-07-15 02:29:46,484 - __main__ - INFO - computing patterns for level : 6
2021-07-15 02:29:47,879 - __main__ - INFO - saving 6 level patterns
2021-07-15 02:29:47,880 - __main__ - INFO - found 373 patterns
2021-07-15 02:29:47,880 - __main__ - INFO - computing patterns for level : 7
2021-07-15 02:29:48,321 - __main__ - INFO - saving 7 level patterns
2021-07-15 02:29:48,321 - __main__ - INFO - found 11 patterns
2021-07-15 02:29:48,321 - __main__ - INFO - computing patterns for level : 8
2021-07-15 02:29:48,420 - __main__ - INFO - saving 8 level patterns
2021-07-15 02:29:48,420 - __main__ - INFO - found 0 patterns
2021-07-15 02:29:48,420 - __main__ - INFO - computing patterns for level : 9
2021-07-15 02:29:48,536 - __main__ - INFO - saving 9 level patterns
2021-07-15 02:29:48,605 - __main__ - INFO - total time taken: 8.069504499435425
