2021-07-28 00:26:15,695 - __main__ - INFO - Got the following arguments: ['our_newtest.py', '0.039', '1', '0.25', '16', '../CMineMR-Mapreduce-algorithm-to-extract-coverage-patterns-master/dataset/synthetic.txt', 'varying_minRF_synthetic_0.039_ultrmaxprodummy']
2021-07-28 00:26:21,772 - __main__ - INFO - started mining
2021-07-28 00:26:21,772 - __main__ - INFO - reading transactional data
2021-07-28 00:26:21,961 - __main__ - INFO - First level mining
2021-07-28 00:26:25,197 - __main__ - INFO - Got first level patterns : 28  writing to file
2021-07-28 00:26:25,199 - __main__ - INFO - Generating second level candidateset
2021-07-28 00:26:25,392 - __main__ - INFO - saving 2 level patterns
2021-07-28 00:26:25,392 - __main__ - INFO - found 376 patterns
2021-07-28 00:26:25,392 - __main__ - INFO - computing patterns for level : 3
2021-07-28 00:26:25,992 - __main__ - INFO - saving 3 level patterns
2021-07-28 00:26:25,993 - __main__ - INFO - found 3197 patterns
2021-07-28 00:26:25,993 - __main__ - INFO - computing patterns for level : 4
2021-07-28 00:26:27,551 - __main__ - INFO - saving 4 level patterns
2021-07-28 00:26:27,552 - __main__ - INFO - found 18922 patterns
2021-07-28 00:26:27,552 - __main__ - INFO - computing patterns for level : 5
2021-07-28 00:26:33,964 - __main__ - INFO - saving 5 level patterns
2021-07-28 00:26:33,967 - __main__ - INFO - found 76980 patterns
2021-07-28 00:26:33,967 - __main__ - INFO - computing patterns for level : 6
2021-07-28 00:26:55,845 - __main__ - INFO - saving 6 level patterns
2021-07-28 00:26:55,857 - __main__ - INFO - found 196283 patterns
2021-07-28 00:26:55,857 - __main__ - INFO - computing patterns for level : 7
2021-07-28 00:27:48,880 - __main__ - INFO - saving 7 level patterns
2021-07-28 00:27:48,909 - __main__ - INFO - found 231420 patterns
2021-07-28 00:27:48,909 - __main__ - INFO - computing patterns for level : 8
2021-07-28 00:28:42,491 - __main__ - INFO - saving 8 level patterns
2021-07-28 00:28:42,512 - __main__ - INFO - found 78166 patterns
2021-07-28 00:28:42,512 - __main__ - INFO - computing patterns for level : 9
2021-07-28 00:29:05,166 - __main__ - INFO - saving 9 level patterns
2021-07-28 00:29:05,172 - __main__ - INFO - found 4351 patterns
2021-07-28 00:29:05,172 - __main__ - INFO - computing patterns for level : 10
2021-07-28 00:29:07,211 - __main__ - INFO - saving 10 level patterns
2021-07-28 00:29:07,211 - __main__ - INFO - found 22 patterns
2021-07-28 00:29:07,211 - __main__ - INFO - computing patterns for level : 11
2021-07-28 00:29:07,369 - __main__ - INFO - saving 11 level patterns
2021-07-28 00:29:07,369 - __main__ - INFO - found 0 patterns
2021-07-28 00:29:07,369 - __main__ - INFO - computing patterns for level : 12
2021-07-28 00:29:07,526 - __main__ - INFO - saving 12 level patterns
2021-07-28 00:29:07,596 - __main__ - INFO - total time taken: 165.82380485534668
2021-07-28 00:29:07,597 - root - INFO - broadcast size:0
shuffle read:0
shuffle write:0
