2021-07-15 02:26:30,188 - __main__ - INFO - Got the following arguments: ['our_newtest.py', '0.2', '1', '0.3', '8', '../CMineMR-Mapreduce-algorithm-to-extract-coverage-patterns-master/dataset/mushroom.txt', 'varying_minrf_synthetic_0.2_ultrmaxpro']
2021-07-15 02:26:35,508 - __main__ - INFO - started mining
2021-07-15 02:26:35,508 - __main__ - INFO - reading transactional data
2021-07-15 02:26:35,539 - __main__ - INFO - First level mining
2021-07-15 02:26:37,589 - __main__ - INFO - Got first level patterns : 43  writing to file
2021-07-15 02:26:37,590 - __main__ - INFO - Generating second level candidateset
2021-07-15 02:26:37,759 - __main__ - INFO - saving 2 level patterns
2021-07-15 02:26:37,759 - __main__ - INFO - found 192 patterns
2021-07-15 02:26:37,759 - __main__ - INFO - computing patterns for level : 3
2021-07-15 02:26:37,911 - __main__ - INFO - saving 3 level patterns
2021-07-15 02:26:37,912 - __main__ - INFO - found 93 patterns
2021-07-15 02:26:37,912 - __main__ - INFO - computing patterns for level : 4
2021-07-15 02:26:38,007 - __main__ - INFO - saving 4 level patterns
2021-07-15 02:26:38,007 - __main__ - INFO - found 13 patterns
2021-07-15 02:26:38,007 - __main__ - INFO - computing patterns for level : 5
2021-07-15 02:26:38,113 - __main__ - INFO - saving 5 level patterns
2021-07-15 02:26:38,113 - __main__ - INFO - found 0 patterns
2021-07-15 02:26:38,113 - __main__ - INFO - computing patterns for level : 6
2021-07-15 02:26:38,225 - __main__ - INFO - saving 6 level patterns
2021-07-15 02:26:38,235 - __main__ - INFO - total time taken: 2.727114200592041
2021-07-15 02:31:15,399 - __main__ - INFO - Got the following arguments: ['our_newtest.py', '0.065', '1', '0.2', '8', '../CMineMR-Mapreduce-algorithm-to-extract-coverage-patterns-master/dataset/bmspos.txt', 'varying_minrf_synthetic_0.2_ultrmaxpro']
2021-07-15 02:31:20,974 - __main__ - INFO - started mining
2021-07-15 02:31:20,974 - __main__ - INFO - reading transactional data
2021-07-15 02:31:21,103 - __main__ - INFO - First level mining
2021-07-15 02:31:24,002 - __main__ - INFO - Got first level patterns : 20  writing to file
2021-07-15 02:31:24,003 - __main__ - INFO - Generating second level candidateset
2021-07-15 02:31:24,223 - __main__ - INFO - saving 2 level patterns
2021-07-15 02:31:24,224 - __main__ - INFO - found 45 patterns
2021-07-15 02:31:24,224 - __main__ - INFO - computing patterns for level : 3
2021-07-15 02:31:24,517 - __main__ - INFO - saving 3 level patterns
2021-07-15 02:31:24,517 - __main__ - INFO - found 0 patterns
2021-07-15 02:31:24,517 - __main__ - INFO - computing patterns for level : 4
2021-07-15 02:31:24,636 - __main__ - INFO - saving 4 level patterns
2021-07-15 02:31:24,703 - __main__ - INFO - total time taken: 3.7290279865264893
2021-07-15 02:37:08,942 - __main__ - INFO - Got the following arguments: ['our_newtest.py', '0.045', '1', '0.2', '8', '../CMineMR-Mapreduce-algorithm-to-extract-coverage-patterns-master/dataset/synthetic.txt', 'varying_minrf_synthetic_0.2_ultrmaxpro']
2021-07-15 02:37:14,605 - __main__ - INFO - started mining
2021-07-15 02:37:14,606 - __main__ - INFO - reading transactional data
2021-07-15 02:37:14,774 - __main__ - INFO - First level mining
2021-07-15 02:37:17,868 - __main__ - INFO - Got first level patterns : 17  writing to file
2021-07-15 02:37:17,869 - __main__ - INFO - Generating second level candidateset
2021-07-15 02:37:18,016 - __main__ - INFO - saving 2 level patterns
2021-07-15 02:37:18,016 - __main__ - INFO - found 136 patterns
2021-07-15 02:37:18,016 - __main__ - INFO - computing patterns for level : 3
2021-07-15 02:37:18,476 - __main__ - INFO - saving 3 level patterns
2021-07-15 02:37:18,476 - __main__ - INFO - found 639 patterns
2021-07-15 02:37:18,477 - __main__ - INFO - computing patterns for level : 4
2021-07-15 02:37:18,892 - __main__ - INFO - saving 4 level patterns
2021-07-15 02:37:18,893 - __main__ - INFO - found 1782 patterns
2021-07-15 02:37:18,893 - __main__ - INFO - computing patterns for level : 5
2021-07-15 02:37:19,748 - __main__ - INFO - saving 5 level patterns
2021-07-15 02:37:19,748 - __main__ - INFO - found 2107 patterns
2021-07-15 02:37:19,748 - __main__ - INFO - computing patterns for level : 6
2021-07-15 02:37:20,635 - __main__ - INFO - saving 6 level patterns
2021-07-15 02:37:20,635 - __main__ - INFO - found 556 patterns
2021-07-15 02:37:20,635 - __main__ - INFO - computing patterns for level : 7
2021-07-15 02:37:20,956 - __main__ - INFO - saving 7 level patterns
2021-07-15 02:37:20,956 - __main__ - INFO - found 9 patterns
2021-07-15 02:37:20,957 - __main__ - INFO - computing patterns for level : 8
2021-07-15 02:37:21,075 - __main__ - INFO - saving 8 level patterns
2021-07-15 02:37:21,075 - __main__ - INFO - found 0 patterns
2021-07-15 02:37:21,076 - __main__ - INFO - computing patterns for level : 9
2021-07-15 02:37:21,216 - __main__ - INFO - saving 9 level patterns
2021-07-15 02:37:21,322 - __main__ - INFO - total time taken: 6.716746807098389
