2021-07-15 02:31:41,802 - __main__ - INFO - Got the following arguments: ['our_newtest.py', '0.065', '1', '0.9', '8', '../CMineMR-Mapreduce-algorithm-to-extract-coverage-patterns-master/dataset/bmspos.txt', 'varying_minrf_synthetic_0.9_ultrmaxpro']
2021-07-15 02:31:47,239 - __main__ - INFO - started mining
2021-07-15 02:31:47,239 - __main__ - INFO - reading transactional data
2021-07-15 02:31:47,364 - __main__ - INFO - First level mining
2021-07-15 02:31:50,048 - __main__ - INFO - Got first level patterns : 20  writing to file
2021-07-15 02:31:50,049 - __main__ - INFO - Generating second level candidateset
2021-07-15 02:31:50,260 - __main__ - INFO - saving 2 level patterns
2021-07-15 02:31:50,261 - __main__ - INFO - found 171 patterns
2021-07-15 02:31:50,261 - __main__ - INFO - computing patterns for level : 3
2021-07-15 02:31:50,875 - __main__ - INFO - saving 3 level patterns
2021-07-15 02:31:50,875 - __main__ - INFO - found 968 patterns
2021-07-15 02:31:50,875 - __main__ - INFO - computing patterns for level : 4
2021-07-15 02:31:52,301 - __main__ - INFO - saving 4 level patterns
2021-07-15 02:31:52,301 - __main__ - INFO - found 3856 patterns
2021-07-15 02:31:52,301 - __main__ - INFO - computing patterns for level : 5
2021-07-15 02:31:56,459 - __main__ - INFO - saving 5 level patterns
2021-07-15 02:31:56,459 - __main__ - INFO - found 11420 patterns
2021-07-15 02:31:56,459 - __main__ - INFO - computing patterns for level : 6
2021-07-15 02:32:07,301 - __main__ - INFO - saving 6 level patterns
2021-07-15 02:32:07,303 - __main__ - INFO - found 25699 patterns
2021-07-15 02:32:07,303 - __main__ - INFO - computing patterns for level : 7
2021-07-15 02:32:29,795 - __main__ - INFO - saving 7 level patterns
2021-07-15 02:32:29,798 - __main__ - INFO - found 43277 patterns
2021-07-15 02:32:29,798 - __main__ - INFO - computing patterns for level : 8
2021-07-15 02:33:09,880 - __main__ - INFO - saving 8 level patterns
2021-07-15 02:33:09,884 - __main__ - INFO - found 55034 patterns
2021-07-15 02:33:09,885 - __main__ - INFO - computing patterns for level : 9
2021-07-15 02:34:04,073 - __main__ - INFO - saving 9 level patterns
2021-07-15 02:34:04,080 - __main__ - INFO - found 54033 patterns
2021-07-15 02:34:04,080 - __main__ - INFO - computing patterns for level : 10
2021-07-15 02:34:58,773 - __main__ - INFO - saving 10 level patterns
2021-07-15 02:34:58,781 - __main__ - INFO - found 44616 patterns
2021-07-15 02:34:58,781 - __main__ - INFO - computing patterns for level : 11
2021-07-15 02:35:48,091 - __main__ - INFO - saving 11 level patterns
2021-07-15 02:35:48,099 - __main__ - INFO - found 31827 patterns
2021-07-15 02:35:48,099 - __main__ - INFO - computing patterns for level : 12
2021-07-15 02:36:29,320 - __main__ - INFO - saving 12 level patterns
2021-07-15 02:36:29,324 - __main__ - INFO - found 18510 patterns
2021-07-15 02:36:29,324 - __main__ - INFO - computing patterns for level : 13
2021-07-15 02:36:55,166 - __main__ - INFO - saving 13 level patterns
2021-07-15 02:36:55,168 - __main__ - INFO - found 8411 patterns
2021-07-15 02:36:55,168 - __main__ - INFO - computing patterns for level : 14
2021-07-15 02:37:07,682 - __main__ - INFO - saving 14 level patterns
2021-07-15 02:37:07,683 - __main__ - INFO - found 2831 patterns
2021-07-15 02:37:07,683 - __main__ - INFO - computing patterns for level : 15
2021-07-15 02:37:12,462 - __main__ - INFO - saving 15 level patterns
2021-07-15 02:37:12,463 - __main__ - INFO - found 635 patterns
2021-07-15 02:37:12,463 - __main__ - INFO - computing patterns for level : 16
2021-07-15 02:37:13,821 - __main__ - INFO - saving 16 level patterns
2021-07-15 02:37:13,821 - __main__ - INFO - found 77 patterns
2021-07-15 02:37:13,821 - __main__ - INFO - computing patterns for level : 17
2021-07-15 02:37:14,089 - __main__ - INFO - saving 17 level patterns
2021-07-15 02:37:14,089 - __main__ - INFO - found 0 patterns
2021-07-15 02:37:14,089 - __main__ - INFO - computing patterns for level : 18
2021-07-15 02:37:14,182 - __main__ - INFO - saving 18 level patterns
2021-07-15 02:37:14,220 - __main__ - INFO - total time taken: 326.98158979415894
